<?xml version="1.0" encoding="UTF-8" ?>
<testsuite tests="1" failures="0" name="com.pluralsight.MyResourceTest" time="1.657" errors="1" skipped="0">
  <properties>
    <property name="java.runtime.name" value="Java(TM) SE Runtime Environment"/>
    <property name="sun.boot.library.path" value="C:\Program Files\Java\jdk1.8.0_151\jre\bin"/>
    <property name="java.vm.version" value="25.151-b12"/>
    <property name="java.vm.vendor" value="Oracle Corporation"/>
    <property name="java.vendor.url" value="http://java.oracle.com/"/>
    <property name="path.separator" value=";"/>
    <property name="guice.disable.misplaced.annotation.check" value="true"/>
    <property name="java.vm.name" value="Java HotSpot(TM) 64-Bit Server VM"/>
    <property name="file.encoding.pkg" value="sun.io"/>
    <property name="user.script" value=""/>
    <property name="user.country" value="BR"/>
    <property name="sun.java.launcher" value="SUN_STANDARD"/>
    <property name="sun.os.patch.level" value="Service Pack 1"/>
    <property name="java.vm.specification.name" value="Java Virtual Machine Specification"/>
    <property name="user.dir" value="C:\Local Disk D_121420181359\SISTEMAS\Async_Jersey_RESTful\async-rest"/>
    <property name="java.runtime.version" value="1.8.0_151-b12"/>
    <property name="java.awt.graphicsenv" value="sun.awt.Win32GraphicsEnvironment"/>
    <property name="java.endorsed.dirs" value="C:\Program Files\Java\jdk1.8.0_151\jre\lib\endorsed"/>
    <property name="os.arch" value="amd64"/>
    <property name="java.io.tmpdir" value="C:\Users\Emm\AppData\Local\Temp\"/>
    <property name="line.separator" value="
"/>
    <property name="java.vm.specification.vendor" value="Oracle Corporation"/>
    <property name="user.variant" value=""/>
    <property name="os.name" value="Windows 7"/>
    <property name="maven.ext.class.path" value="C:\Program Files\NetBeans 8.2\java\maven-nblib\netbeans-eventspy.jar"/>
    <property name="classworlds.conf" value="C:\Program Files\NetBeans 8.2\java\maven\bin\m2.conf"/>
    <property name="sun.jnu.encoding" value="Cp1252"/>
    <property name="java.library.path" value="C:\Program Files\Java\jdk1.8.0_151\bin;C:\Windows\Sun\Java\bin;C:\Windows\system32;C:\Windows;C:\ProgramData\Oracle\Java\javapath;C:\Windows\system32;C:\Windows;C:\Windows\System32\Wbem;C:\Windows\System32\WindowsPowerShell\v1.0\;C:\Program Files\PuTTY\;C:\Program Files\Git\cmd;C:\Program Files\dotnet\;C:\Program Files\java\jdk1.8.0_151\bin;C:\apache-maven-3.5.2\bin;C:\jboss-as-7.1.1.Final\bin;C:\wildfly-12.0.0.CR1\bin; C:\wildfly-11.0.0.Final\bin; C:\Python35;C:\nodejs\;  C:\SISTEMAS\Apache Software Foundation\Tomcat 7.0\bin; C:/Python35/Lib/site-packages/django/bin/;C:\Program Files\Microsoft SQL Server\130\Tools\Binn\;C:\Users\Emm\AppData\Roaming\npm;."/>
    <property name="java.specification.name" value="Java Platform API Specification"/>
    <property name="java.class.version" value="52.0"/>
    <property name="sun.management.compiler" value="HotSpot 64-Bit Tiered Compilers"/>
    <property name="os.version" value="6.1"/>
    <property name="user.home" value="C:\Users\Emm"/>
    <property name="user.timezone" value="America/Sao_Paulo"/>
    <property name="java.awt.printerjob" value="sun.awt.windows.WPrinterJob"/>
    <property name="java.specification.version" value="1.8"/>
    <property name="file.encoding" value="UTF-8"/>
    <property name="user.name" value="Emm"/>
    <property name="java.class.path" value="C:\Program Files\NetBeans 8.2\java\maven\boot\plexus-classworlds-2.4.jar"/>
    <property name="java.vm.specification.version" value="1.8"/>
    <property name="sun.arch.data.model" value="64"/>
    <property name="java.home" value="C:\Program Files\Java\jdk1.8.0_151\jre"/>
    <property name="sun.java.command" value="org.codehaus.plexus.classworlds.launcher.Launcher -Dmaven.ext.class.path=C:\Program Files\NetBeans 8.2\java\maven-nblib\netbeans-eventspy.jar -Dfile.encoding=UTF-8 test"/>
    <property name="java.specification.vendor" value="Oracle Corporation"/>
    <property name="user.language" value="pt"/>
    <property name="awt.toolkit" value="sun.awt.windows.WToolkit"/>
    <property name="java.vm.info" value="mixed mode"/>
    <property name="java.version" value="1.8.0_151"/>
    <property name="java.ext.dirs" value="C:\Program Files\Java\jdk1.8.0_151\jre\lib\ext;C:\Windows\Sun\Java\lib\ext"/>
    <property name="sun.boot.class.path" value="C:\Program Files\Java\jdk1.8.0_151\jre\lib\resources.jar;C:\Program Files\Java\jdk1.8.0_151\jre\lib\rt.jar;C:\Program Files\Java\jdk1.8.0_151\jre\lib\sunrsasign.jar;C:\Program Files\Java\jdk1.8.0_151\jre\lib\jsse.jar;C:\Program Files\Java\jdk1.8.0_151\jre\lib\jce.jar;C:\Program Files\Java\jdk1.8.0_151\jre\lib\charsets.jar;C:\Program Files\Java\jdk1.8.0_151\jre\lib\jfr.jar;C:\Program Files\Java\jdk1.8.0_151\jre\classes"/>
    <property name="java.vendor" value="Oracle Corporation"/>
    <property name="maven.home" value="C:\Program Files\NetBeans 8.2\java\maven"/>
    <property name="file.separator" value="\"/>
    <property name="java.vendor.url.bug" value="http://bugreport.sun.com/bugreport/"/>
    <property name="sun.cpu.endian" value="little"/>
    <property name="sun.io.unicode.encoding" value="UnicodeLittle"/>
    <property name="sun.desktop" value="windows"/>
    <property name="sun.cpu.isalist" value="amd64"/>
  </properties>
  <testcase classname="com.pluralsight.MyResourceTest" name="testGetIt" time="0.01">
    <error message="The default test container factory, null, could not be instantiated" type="org.glassfish.jersey.test.spi.TestContainerException">org.glassfish.jersey.test.spi.TestContainerException: The default test container factory, null, could not be instantiated
	at org.glassfish.jersey.test.JerseyTest.getTestContainerFactory(JerseyTest.java:431)
	at org.glassfish.jersey.test.JerseyTest.&lt;init&gt;(JerseyTest.java:143)
	at com.pluralsight.MyResourceTest.&lt;init&gt;(MyResourceTest.java:10)
	at sun.reflect.NativeConstructorAccessorImpl.newInstance0(Native Method)
	at sun.reflect.NativeConstructorAccessorImpl.newInstance(NativeConstructorAccessorImpl.java:62)
	at sun.reflect.DelegatingConstructorAccessorImpl.newInstance(DelegatingConstructorAccessorImpl.java:45)
	at java.lang.reflect.Constructor.newInstance(Constructor.java:423)
	at org.junit.runners.BlockJUnit4ClassRunner.createTest(BlockJUnit4ClassRunner.java:178)
	at org.junit.runners.BlockJUnit4ClassRunner$1.runReflectiveCall(BlockJUnit4ClassRunner.java:227)
	at org.junit.internal.runners.model.ReflectiveCallable.run(ReflectiveCallable.java:15)
	at org.junit.runners.BlockJUnit4ClassRunner.methodBlock(BlockJUnit4ClassRunner.java:224)
	at org.junit.runners.BlockJUnit4ClassRunner.runChild(BlockJUnit4ClassRunner.java:69)
	at org.junit.runners.BlockJUnit4ClassRunner.runChild(BlockJUnit4ClassRunner.java:48)
	at org.junit.runners.ParentRunner$3.run(ParentRunner.java:231)
	at org.junit.runners.ParentRunner$1.schedule(ParentRunner.java:60)
	at org.junit.runners.ParentRunner.runChildren(ParentRunner.java:229)
	at org.junit.runners.ParentRunner.access$000(ParentRunner.java:50)
	at org.junit.runners.ParentRunner$2.evaluate(ParentRunner.java:222)
	at org.junit.runners.ParentRunner.run(ParentRunner.java:292)
	at org.apache.maven.surefire.junit4.JUnit4TestSet.execute(JUnit4TestSet.java:53)
	at org.apache.maven.surefire.junit4.JUnit4Provider.executeTestSet(JUnit4Provider.java:123)
	at org.apache.maven.surefire.junit4.JUnit4Provider.invoke(JUnit4Provider.java:104)
	at sun.reflect.NativeMethodAccessorImpl.invoke0(Native Method)
	at sun.reflect.NativeMethodAccessorImpl.invoke(NativeMethodAccessorImpl.java:62)
	at sun.reflect.DelegatingMethodAccessorImpl.invoke(DelegatingMethodAccessorImpl.java:43)
	at java.lang.reflect.Method.invoke(Method.java:498)
	at org.apache.maven.surefire.util.ReflectionUtils.invokeMethodWithArray(ReflectionUtils.java:164)
	at org.apache.maven.surefire.booter.ProviderFactory$ProviderProxy.invoke(ProviderFactory.java:110)
	at org.apache.maven.surefire.booter.SurefireStarter.invokeProvider(SurefireStarter.java:175)
	at org.apache.maven.surefire.booter.SurefireStarter.runSuitesInProcessWhenForked(SurefireStarter.java:107)
	at org.apache.maven.surefire.booter.ForkedBooter.main(ForkedBooter.java:68)
Caused by: java.lang.NullPointerException
	at org.glassfish.jersey.test.JerseyTest.getTestContainerFactory(JerseyTest.java:429)
	... 30 more
</error>
    <system-err>dez 18, 2018 9:40:06 AM org.glassfish.jersey.server.ApplicationHandler initialize
INFORMAÇÕES: Initiating Jersey application, version Jersey: 2.7 2014-03-12 18:11:31...
dez 18, 2018 9:40:07 AM org.glassfish.jersey.internal.Errors logErrors
ADVERTÊNCIA: The following warnings have been detected: WARNING: HK2 failure has been detected in a code that does not run in an active Jersey Error scope.
WARNING: HK2 service reification failed for [org.glassfish.jersey.test.grizzly.GrizzlyWebTestContainerFactory] with an exception:
MultiException stack 1 of 4
java.lang.NoClassDefFoundError: org/glassfish/jersey/test/DeploymentContext
	at java.lang.Class.getDeclaredMethods0(Native Method)
	at java.lang.Class.privateGetDeclaredMethods(Class.java:2701)
	at java.lang.Class.getDeclaredMethods(Class.java:1975)
	at org.jvnet.hk2.internal.Utilities$5.run(Utilities.java:414)
	at org.jvnet.hk2.internal.Utilities$5.run(Utilities.java:410)
	at java.security.AccessController.doPrivileged(Native Method)
	at org.jvnet.hk2.internal.Utilities.getDeclaredMethods(Utilities.java:410)
	at org.jvnet.hk2.internal.Utilities.getAllMethodKeys(Utilities.java:1396)
	at org.jvnet.hk2.internal.Utilities.getAllMethods(Utilities.java:1340)
	at org.jvnet.hk2.internal.Utilities.findInitializerMethods(Utilities.java:1424)
	at org.jvnet.hk2.internal.DefaultClassAnalyzer.getInitializerMethods(DefaultClassAnalyzer.java:102)
	at org.glassfish.jersey.internal.inject.JerseyClassAnalyzer.getInitializerMethods(JerseyClassAnalyzer.java:239)
	at org.jvnet.hk2.internal.Utilities.getInitMethods(Utilities.java:243)
	at org.jvnet.hk2.internal.ClazzCreator.initialize(ClazzCreator.java:163)
	at org.jvnet.hk2.internal.ClazzCreator.initialize(ClazzCreator.java:200)
	at org.jvnet.hk2.internal.SystemDescriptor.internalReify(SystemDescriptor.java:649)
	at org.jvnet.hk2.internal.SystemDescriptor.reify(SystemDescriptor.java:604)
	at org.jvnet.hk2.internal.ServiceLocatorImpl.reifyDescriptor(ServiceLocatorImpl.java:405)
	at org.jvnet.hk2.internal.ServiceLocatorImpl.narrow(ServiceLocatorImpl.java:2046)
	at org.jvnet.hk2.internal.ServiceLocatorImpl.access$700(ServiceLocatorImpl.java:116)
	at org.jvnet.hk2.internal.ServiceLocatorImpl$8.compute(ServiceLocatorImpl.java:1207)
	at org.jvnet.hk2.internal.ServiceLocatorImpl$8.compute(ServiceLocatorImpl.java:1202)
	at org.glassfish.hk2.utilities.cache.LRUHybridCache$OriginThreadAwareFuture$1.call(LRUHybridCache.java:115)
	at org.glassfish.hk2.utilities.cache.LRUHybridCache$OriginThreadAwareFuture$1.call(LRUHybridCache.java:111)
	at java.util.concurrent.FutureTask.run(FutureTask.java:266)
	at org.glassfish.hk2.utilities.cache.LRUHybridCache$OriginThreadAwareFuture.run(LRUHybridCache.java:173)
	at org.glassfish.hk2.utilities.cache.LRUHybridCache.compute(LRUHybridCache.java:292)
	at org.jvnet.hk2.internal.ServiceLocatorImpl.internalGetAllServiceHandles(ServiceLocatorImpl.java:1280)
	at org.jvnet.hk2.internal.ServiceLocatorImpl.getAllServiceHandles(ServiceLocatorImpl.java:1189)
	at org.jvnet.hk2.internal.ServiceLocatorImpl.getAllServiceHandles(ServiceLocatorImpl.java:1178)
	at org.glassfish.jersey.internal.inject.Providers.getAllServiceHandles(Providers.java:314)
	at org.glassfish.jersey.internal.inject.Providers.getProviders(Providers.java:185)
	at org.glassfish.jersey.test.JerseyTest.getTestContainerFactory(JerseyTest.java:379)
	at org.glassfish.jersey.test.JerseyTest.&lt;init&gt;(JerseyTest.java:143)
	at com.pluralsight.MyResourceTest.&lt;init&gt;(MyResourceTest.java:10)
	at sun.reflect.NativeConstructorAccessorImpl.newInstance0(Native Method)
	at sun.reflect.NativeConstructorAccessorImpl.newInstance(NativeConstructorAccessorImpl.java:62)
	at sun.reflect.DelegatingConstructorAccessorImpl.newInstance(DelegatingConstructorAccessorImpl.java:45)
	at java.lang.reflect.Constructor.newInstance(Constructor.java:423)
	at org.junit.runners.BlockJUnit4ClassRunner.createTest(BlockJUnit4ClassRunner.java:178)
	at org.junit.runners.BlockJUnit4ClassRunner$1.runReflectiveCall(BlockJUnit4ClassRunner.java:227)
	at org.junit.internal.runners.model.ReflectiveCallable.run(ReflectiveCallable.java:15)
	at org.junit.runners.BlockJUnit4ClassRunner.methodBlock(BlockJUnit4ClassRunner.java:224)
	at org.junit.runners.BlockJUnit4ClassRunner.runChild(BlockJUnit4ClassRunner.java:69)
	at org.junit.runners.BlockJUnit4ClassRunner.runChild(BlockJUnit4ClassRunner.java:48)
	at org.junit.runners.ParentRunner$3.run(ParentRunner.java:231)
	at org.junit.runners.ParentRunner$1.schedule(ParentRunner.java:60)
	at org.junit.runners.ParentRunner.runChildren(ParentRunner.java:229)
	at org.junit.runners.ParentRunner.access$000(ParentRunner.java:50)
	at org.junit.runners.ParentRunner$2.evaluate(ParentRunner.java:222)
	at org.junit.runners.ParentRunner.run(ParentRunner.java:292)
	at org.apache.maven.surefire.junit4.JUnit4TestSet.execute(JUnit4TestSet.java:53)
	at org.apache.maven.surefire.junit4.JUnit4Provider.executeTestSet(JUnit4Provider.java:123)
	at org.apache.maven.surefire.junit4.JUnit4Provider.invoke(JUnit4Provider.java:104)
	at sun.reflect.NativeMethodAccessorImpl.invoke0(Native Method)
	at sun.reflect.NativeMethodAccessorImpl.invoke(NativeMethodAccessorImpl.java:62)
	at sun.reflect.DelegatingMethodAccessorImpl.invoke(DelegatingMethodAccessorImpl.java:43)
	at java.lang.reflect.Method.invoke(Method.java:498)
	at org.apache.maven.surefire.util.ReflectionUtils.invokeMethodWithArray(ReflectionUtils.java:164)
	at org.apache.maven.surefire.booter.ProviderFactory$ProviderProxy.invoke(ProviderFactory.java:110)
	at org.apache.maven.surefire.booter.SurefireStarter.invokeProvider(SurefireStarter.java:175)
	at org.apache.maven.surefire.booter.SurefireStarter.runSuitesInProcessWhenForked(SurefireStarter.java:107)
	at org.apache.maven.surefire.booter.ForkedBooter.main(ForkedBooter.java:68)
Caused by: java.lang.ClassNotFoundException: org.glassfish.jersey.test.DeploymentContext
	at java.net.URLClassLoader.findClass(URLClassLoader.java:381)
	at java.lang.ClassLoader.loadClass(ClassLoader.java:424)
	at sun.misc.Launcher$AppClassLoader.loadClass(Launcher.java:335)
	at java.lang.ClassLoader.loadClass(ClassLoader.java:357)
	... 63 more
MultiException stack 2 of 4
java.lang.NoClassDefFoundError: org/glassfish/jersey/test/DeploymentContext
	at java.lang.Class.getDeclaredMethods0(Native Method)
	at java.lang.Class.privateGetDeclaredMethods(Class.java:2701)
	at java.lang.Class.getDeclaredMethods(Class.java:1975)
	at org.jvnet.hk2.internal.Utilities$5.run(Utilities.java:414)
	at org.jvnet.hk2.internal.Utilities$5.run(Utilities.java:410)
	at java.security.AccessController.doPrivileged(Native Method)
	at org.jvnet.hk2.internal.Utilities.getDeclaredMethods(Utilities.java:410)
	at org.jvnet.hk2.internal.Utilities.getAllMethodKeys(Utilities.java:1396)
	at org.jvnet.hk2.internal.Utilities.getAllMethods(Utilities.java:1340)
	at org.jvnet.hk2.internal.Utilities.findPostConstruct(Utilities.java:2150)
	at org.jvnet.hk2.internal.DefaultClassAnalyzer.getPostConstructMethod(DefaultClassAnalyzer.java:125)
	at org.glassfish.jersey.internal.inject.JerseyClassAnalyzer.getPostConstructMethod(JerseyClassAnalyzer.java:249)
	at org.jvnet.hk2.internal.Utilities.getPostConstruct(Utilities.java:304)
	at org.jvnet.hk2.internal.ClazzCreator.initialize(ClazzCreator.java:187)
	at org.jvnet.hk2.internal.ClazzCreator.initialize(ClazzCreator.java:200)
	at org.jvnet.hk2.internal.SystemDescriptor.internalReify(SystemDescriptor.java:649)
	at org.jvnet.hk2.internal.SystemDescriptor.reify(SystemDescriptor.java:604)
	at org.jvnet.hk2.internal.ServiceLocatorImpl.reifyDescriptor(ServiceLocatorImpl.java:405)
	at org.jvnet.hk2.internal.ServiceLocatorImpl.narrow(ServiceLocatorImpl.java:2046)
	at org.jvnet.hk2.internal.ServiceLocatorImpl.access$700(ServiceLocatorImpl.java:116)
	at org.jvnet.hk2.internal.ServiceLocatorImpl$8.compute(ServiceLocatorImpl.java:1207)
	at org.jvnet.hk2.internal.ServiceLocatorImpl$8.compute(ServiceLocatorImpl.java:1202)
	at org.glassfish.hk2.utilities.cache.LRUHybridCache$OriginThreadAwareFuture$1.call(LRUHybridCache.java:115)
	at org.glassfish.hk2.utilities.cache.LRUHybridCache$OriginThreadAwareFuture$1.call(LRUHybridCache.java:111)
	at java.util.concurrent.FutureTask.run(FutureTask.java:266)
	at org.glassfish.hk2.utilities.cache.LRUHybridCache$OriginThreadAwareFuture.run(LRUHybridCache.java:173)
	at org.glassfish.hk2.utilities.cache.LRUHybridCache.compute(LRUHybridCache.java:292)
	at org.jvnet.hk2.internal.ServiceLocatorImpl.internalGetAllServiceHandles(ServiceLocatorImpl.java:1280)
	at org.jvnet.hk2.internal.ServiceLocatorImpl.getAllServiceHandles(ServiceLocatorImpl.java:1189)
	at org.jvnet.hk2.internal.ServiceLocatorImpl.getAllServiceHandles(ServiceLocatorImpl.java:1178)
	at org.glassfish.jersey.internal.inject.Providers.getAllServiceHandles(Providers.java:314)
	at org.glassfish.jersey.internal.inject.Providers.getProviders(Providers.java:185)
	at org.glassfish.jersey.test.JerseyTest.getTestContainerFactory(JerseyTest.java:379)
	at org.glassfish.jersey.test.JerseyTest.&lt;init&gt;(JerseyTest.java:143)
	at com.pluralsight.MyResourceTest.&lt;init&gt;(MyResourceTest.java:10)
	at sun.reflect.NativeConstructorAccessorImpl.newInstance0(Native Method)
	at sun.reflect.NativeConstructorAccessorImpl.newInstance(NativeConstructorAccessorImpl.java:62)
	at sun.reflect.DelegatingConstructorAccessorImpl.newInstance(DelegatingConstructorAccessorImpl.java:45)
	at java.lang.reflect.Constructor.newInstance(Constructor.java:423)
	at org.junit.runners.BlockJUnit4ClassRunner.createTest(BlockJUnit4ClassRunner.java:178)
	at org.junit.runners.BlockJUnit4ClassRunner$1.runReflectiveCall(BlockJUnit4ClassRunner.java:227)
	at org.junit.internal.runners.model.ReflectiveCallable.run(ReflectiveCallable.java:15)
	at org.junit.runners.BlockJUnit4ClassRunner.methodBlock(BlockJUnit4ClassRunner.java:224)
	at org.junit.runners.BlockJUnit4ClassRunner.runChild(BlockJUnit4ClassRunner.java:69)
	at org.junit.runners.BlockJUnit4ClassRunner.runChild(BlockJUnit4ClassRunner.java:48)
	at org.junit.runners.ParentRunner$3.run(ParentRunner.java:231)
	at org.junit.runners.ParentRunner$1.schedule(ParentRunner.java:60)
	at org.junit.runners.ParentRunner.runChildren(ParentRunner.java:229)
	at org.junit.runners.ParentRunner.access$000(ParentRunner.java:50)
	at org.junit.runners.ParentRunner$2.evaluate(ParentRunner.java:222)
	at org.junit.runners.ParentRunner.run(ParentRunner.java:292)
	at org.apache.maven.surefire.junit4.JUnit4TestSet.execute(JUnit4TestSet.java:53)
	at org.apache.maven.surefire.junit4.JUnit4Provider.executeTestSet(JUnit4Provider.java:123)
	at org.apache.maven.surefire.junit4.JUnit4Provider.invoke(JUnit4Provider.java:104)
	at sun.reflect.NativeMethodAccessorImpl.invoke0(Native Method)
	at sun.reflect.NativeMethodAccessorImpl.invoke(NativeMethodAccessorImpl.java:62)
	at sun.reflect.DelegatingMethodAccessorImpl.invoke(DelegatingMethodAccessorImpl.java:43)
	at java.lang.reflect.Method.invoke(Method.java:498)
	at org.apache.maven.surefire.util.ReflectionUtils.invokeMethodWithArray(ReflectionUtils.java:164)
	at org.apache.maven.surefire.booter.ProviderFactory$ProviderProxy.invoke(ProviderFactory.java:110)
	at org.apache.maven.surefire.booter.SurefireStarter.invokeProvider(SurefireStarter.java:175)
	at org.apache.maven.surefire.booter.SurefireStarter.runSuitesInProcessWhenForked(SurefireStarter.java:107)
	at org.apache.maven.surefire.booter.ForkedBooter.main(ForkedBooter.java:68)
Caused by: java.lang.ClassNotFoundException: org.glassfish.jersey.test.DeploymentContext
	at java.net.URLClassLoader.findClass(URLClassLoader.java:381)
	at java.lang.ClassLoader.loadClass(ClassLoader.java:424)
	at sun.misc.Launcher$AppClassLoader.loadClass(Launcher.java:335)
	at java.lang.ClassLoader.loadClass(ClassLoader.java:357)
	... 63 more
MultiException stack 3 of 4
java.lang.NoClassDefFoundError: org/glassfish/jersey/test/DeploymentContext
	at java.lang.Class.getDeclaredMethods0(Native Method)
	at java.lang.Class.privateGetDeclaredMethods(Class.java:2701)
	at java.lang.Class.getDeclaredMethods(Class.java:1975)
	at org.jvnet.hk2.internal.Utilities$5.run(Utilities.java:414)
	at org.jvnet.hk2.internal.Utilities$5.run(Utilities.java:410)
	at java.security.AccessController.doPrivileged(Native Method)
	at org.jvnet.hk2.internal.Utilities.getDeclaredMethods(Utilities.java:410)
	at org.jvnet.hk2.internal.Utilities.getAllMethodKeys(Utilities.java:1396)
	at org.jvnet.hk2.internal.Utilities.getAllMethods(Utilities.java:1340)
	at org.jvnet.hk2.internal.Utilities.findPreDestroy(Utilities.java:2195)
	at org.jvnet.hk2.internal.DefaultClassAnalyzer.getPreDestroyMethod(DefaultClassAnalyzer.java:136)
	at org.glassfish.jersey.internal.inject.JerseyClassAnalyzer.getPreDestroyMethod(JerseyClassAnalyzer.java:254)
	at org.jvnet.hk2.internal.Utilities.getPreDestroy(Utilities.java:326)
	at org.jvnet.hk2.internal.ClazzCreator.initialize(ClazzCreator.java:188)
	at org.jvnet.hk2.internal.ClazzCreator.initialize(ClazzCreator.java:200)
	at org.jvnet.hk2.internal.SystemDescriptor.internalReify(SystemDescriptor.java:649)
	at org.jvnet.hk2.internal.SystemDescriptor.reify(SystemDescriptor.java:604)
	at org.jvnet.hk2.internal.ServiceLocatorImpl.reifyDescriptor(ServiceLocatorImpl.java:405)
	at org.jvnet.hk2.internal.ServiceLocatorImpl.narrow(ServiceLocatorImpl.java:2046)
	at org.jvnet.hk2.internal.ServiceLocatorImpl.access$700(ServiceLocatorImpl.java:116)
	at org.jvnet.hk2.internal.ServiceLocatorImpl$8.compute(ServiceLocatorImpl.java:1207)
	at org.jvnet.hk2.internal.ServiceLocatorImpl$8.compute(ServiceLocatorImpl.java:1202)
	at org.glassfish.hk2.utilities.cache.LRUHybridCache$OriginThreadAwareFuture$1.call(LRUHybridCache.java:115)
	at org.glassfish.hk2.utilities.cache.LRUHybridCache$OriginThreadAwareFuture$1.call(LRUHybridCache.java:111)
	at java.util.concurrent.FutureTask.run(FutureTask.java:266)
	at org.glassfish.hk2.utilities.cache.LRUHybridCache$OriginThreadAwareFuture.run(LRUHybridCache.java:173)
	at org.glassfish.hk2.utilities.cache.LRUHybridCache.compute(LRUHybridCache.java:292)
	at org.jvnet.hk2.internal.ServiceLocatorImpl.internalGetAllServiceHandles(ServiceLocatorImpl.java:1280)
	at org.jvnet.hk2.internal.ServiceLocatorImpl.getAllServiceHandles(ServiceLocatorImpl.java:1189)
	at org.jvnet.hk2.internal.ServiceLocatorImpl.getAllServiceHandles(ServiceLocatorImpl.java:1178)
	at org.glassfish.jersey.internal.inject.Providers.getAllServiceHandles(Providers.java:314)
	at org.glassfish.jersey.internal.inject.Providers.getProviders(Providers.java:185)
	at org.glassfish.jersey.test.JerseyTest.getTestContainerFactory(JerseyTest.java:379)
	at org.glassfish.jersey.test.JerseyTest.&lt;init&gt;(JerseyTest.java:143)
	at com.pluralsight.MyResourceTest.&lt;init&gt;(MyResourceTest.java:10)
	at sun.reflect.NativeConstructorAccessorImpl.newInstance0(Native Method)
	at sun.reflect.NativeConstructorAccessorImpl.newInstance(NativeConstructorAccessorImpl.java:62)
	at sun.reflect.DelegatingConstructorAccessorImpl.newInstance(DelegatingConstructorAccessorImpl.java:45)
	at java.lang.reflect.Constructor.newInstance(Constructor.java:423)
	at org.junit.runners.BlockJUnit4ClassRunner.createTest(BlockJUnit4ClassRunner.java:178)
	at org.junit.runners.BlockJUnit4ClassRunner$1.runReflectiveCall(BlockJUnit4ClassRunner.java:227)
	at org.junit.internal.runners.model.ReflectiveCallable.run(ReflectiveCallable.java:15)
	at org.junit.runners.BlockJUnit4ClassRunner.methodBlock(BlockJUnit4ClassRunner.java:224)
	at org.junit.runners.BlockJUnit4ClassRunner.runChild(BlockJUnit4ClassRunner.java:69)
	at org.junit.runners.BlockJUnit4ClassRunner.runChild(BlockJUnit4ClassRunner.java:48)
	at org.junit.runners.ParentRunner$3.run(ParentRunner.java:231)
	at org.junit.runners.ParentRunner$1.schedule(ParentRunner.java:60)
	at org.junit.runners.ParentRunner.runChildren(ParentRunner.java:229)
	at org.junit.runners.ParentRunner.access$000(ParentRunner.java:50)
	at org.junit.runners.ParentRunner$2.evaluate(ParentRunner.java:222)
	at org.junit.runners.ParentRunner.run(ParentRunner.java:292)
	at org.apache.maven.surefire.junit4.JUnit4TestSet.execute(JUnit4TestSet.java:53)
	at org.apache.maven.surefire.junit4.JUnit4Provider.executeTestSet(JUnit4Provider.java:123)
	at org.apache.maven.surefire.junit4.JUnit4Provider.invoke(JUnit4Provider.java:104)
	at sun.reflect.NativeMethodAccessorImpl.invoke0(Native Method)
	at sun.reflect.NativeMethodAccessorImpl.invoke(NativeMethodAccessorImpl.java:62)
	at sun.reflect.DelegatingMethodAccessorImpl.invoke(DelegatingMethodAccessorImpl.java:43)
	at java.lang.reflect.Method.invoke(Method.java:498)
	at org.apache.maven.surefire.util.ReflectionUtils.invokeMethodWithArray(ReflectionUtils.java:164)
	at org.apache.maven.surefire.booter.ProviderFactory$ProviderProxy.invoke(ProviderFactory.java:110)
	at org.apache.maven.surefire.booter.SurefireStarter.invokeProvider(SurefireStarter.java:175)
	at org.apache.maven.surefire.booter.SurefireStarter.runSuitesInProcessWhenForked(SurefireStarter.java:107)
	at org.apache.maven.surefire.booter.ForkedBooter.main(ForkedBooter.java:68)
Caused by: java.lang.ClassNotFoundException: org.glassfish.jersey.test.DeploymentContext
	at java.net.URLClassLoader.findClass(URLClassLoader.java:381)
	at java.lang.ClassLoader.loadClass(ClassLoader.java:424)
	at sun.misc.Launcher$AppClassLoader.loadClass(Launcher.java:335)
	at java.lang.ClassLoader.loadClass(ClassLoader.java:357)
	... 63 more
MultiException stack 4 of 4
java.lang.IllegalArgumentException: Errors were discovered while reifying SystemDescriptor(
	implementation=org.glassfish.jersey.test.grizzly.GrizzlyWebTestContainerFactory
	contracts={org.glassfish.jersey.test.spi.TestContainerFactory}
	scope=org.glassfish.hk2.api.PerLookup
	qualifiers={}
	descriptorType=CLASS
	descriptorVisibility=NORMAL
	metadata=
	rank=0
	loader=org.glassfish.hk2.utilities.binding.AbstractBinder$2@48bb62
	proxiable=null
	proxyForSameScope=null
	analysisName=null
	id=147
	locatorId=0
	identityHashCode=892555958
	reified=false)
	at org.jvnet.hk2.internal.SystemDescriptor.reify(SystemDescriptor.java:615)
	at org.jvnet.hk2.internal.ServiceLocatorImpl.reifyDescriptor(ServiceLocatorImpl.java:405)
	at org.jvnet.hk2.internal.ServiceLocatorImpl.narrow(ServiceLocatorImpl.java:2046)
	at org.jvnet.hk2.internal.ServiceLocatorImpl.access$700(ServiceLocatorImpl.java:116)
	at org.jvnet.hk2.internal.ServiceLocatorImpl$8.compute(ServiceLocatorImpl.java:1207)
	at org.jvnet.hk2.internal.ServiceLocatorImpl$8.compute(ServiceLocatorImpl.java:1202)
	at org.glassfish.hk2.utilities.cache.LRUHybridCache$OriginThreadAwareFuture$1.call(LRUHybridCache.java:115)
	at org.glassfish.hk2.utilities.cache.LRUHybridCache$OriginThreadAwareFuture$1.call(LRUHybridCache.java:111)
	at java.util.concurrent.FutureTask.run(FutureTask.java:266)
	at org.glassfish.hk2.utilities.cache.LRUHybridCache$OriginThreadAwareFuture.run(LRUHybridCache.java:173)
	at org.glassfish.hk2.utilities.cache.LRUHybridCache.compute(LRUHybridCache.java:292)
	at org.jvnet.hk2.internal.ServiceLocatorImpl.internalGetAllServiceHandles(ServiceLocatorImpl.java:1280)
	at org.jvnet.hk2.internal.ServiceLocatorImpl.getAllServiceHandles(ServiceLocatorImpl.java:1189)
	at org.jvnet.hk2.internal.ServiceLocatorImpl.getAllServiceHandles(ServiceLocatorImpl.java:1178)
	at org.glassfish.jersey.internal.inject.Providers.getAllServiceHandles(Providers.java:314)
	at org.glassfish.jersey.internal.inject.Providers.getProviders(Providers.java:185)
	at org.glassfish.jersey.test.JerseyTest.getTestContainerFactory(JerseyTest.java:379)
	at org.glassfish.jersey.test.JerseyTest.&lt;init&gt;(JerseyTest.java:143)
	at com.pluralsight.MyResourceTest.&lt;init&gt;(MyResourceTest.java:10)
	at sun.reflect.NativeConstructorAccessorImpl.newInstance0(Native Method)
	at sun.reflect.NativeConstructorAccessorImpl.newInstance(NativeConstructorAccessorImpl.java:62)
	at sun.reflect.DelegatingConstructorAccessorImpl.newInstance(DelegatingConstructorAccessorImpl.java:45)
	at java.lang.reflect.Constructor.newInstance(Constructor.java:423)
	at org.junit.runners.BlockJUnit4ClassRunner.createTest(BlockJUnit4ClassRunner.java:178)
	at org.junit.runners.BlockJUnit4ClassRunner$1.runReflectiveCall(BlockJUnit4ClassRunner.java:227)
	at org.junit.internal.runners.model.ReflectiveCallable.run(ReflectiveCallable.java:15)
	at org.junit.runners.BlockJUnit4ClassRunner.methodBlock(BlockJUnit4ClassRunner.java:224)
	at org.junit.runners.BlockJUnit4ClassRunner.runChild(BlockJUnit4ClassRunner.java:69)
	at org.junit.runners.BlockJUnit4ClassRunner.runChild(BlockJUnit4ClassRunner.java:48)
	at org.junit.runners.ParentRunner$3.run(ParentRunner.java:231)
	at org.junit.runners.ParentRunner$1.schedule(ParentRunner.java:60)
	at org.junit.runners.ParentRunner.runChildren(ParentRunner.java:229)
	at org.junit.runners.ParentRunner.access$000(ParentRunner.java:50)
	at org.junit.runners.ParentRunner$2.evaluate(ParentRunner.java:222)
	at org.junit.runners.ParentRunner.run(ParentRunner.java:292)
	at org.apache.maven.surefire.junit4.JUnit4TestSet.execute(JUnit4TestSet.java:53)
	at org.apache.maven.surefire.junit4.JUnit4Provider.executeTestSet(JUnit4Provider.java:123)
	at org.apache.maven.surefire.junit4.JUnit4Provider.invoke(JUnit4Provider.java:104)
	at sun.reflect.NativeMethodAccessorImpl.invoke0(Native Method)
	at sun.reflect.NativeMethodAccessorImpl.invoke(NativeMethodAccessorImpl.java:62)
	at sun.reflect.DelegatingMethodAccessorImpl.invoke(DelegatingMethodAccessorImpl.java:43)
	at java.lang.reflect.Method.invoke(Method.java:498)
	at org.apache.maven.surefire.util.ReflectionUtils.invokeMethodWithArray(ReflectionUtils.java:164)
	at org.apache.maven.surefire.booter.ProviderFactory$ProviderProxy.invoke(ProviderFactory.java:110)
	at org.apache.maven.surefire.booter.SurefireStarter.invokeProvider(SurefireStarter.java:175)
	at org.apache.maven.surefire.booter.SurefireStarter.runSuitesInProcessWhenForked(SurefireStarter.java:107)
	at org.apache.maven.surefire.booter.ForkedBooter.main(ForkedBooter.java:68)


dez 18, 2018 9:40:07 AM org.glassfish.jersey.internal.Errors logErrors
ADVERTÊNCIA: The following warnings have been detected: WARNING: HK2 failure has been detected in a code that does not run in an active Jersey Error scope.
WARNING: HK2 service reification failed for [org.glassfish.jersey.test.grizzly.GrizzlyTestContainerFactory] with an exception:
MultiException stack 1 of 4
java.lang.NoClassDefFoundError: org/glassfish/jersey/test/DeploymentContext
	at java.lang.Class.getDeclaredMethods0(Native Method)
	at java.lang.Class.privateGetDeclaredMethods(Class.java:2701)
	at java.lang.Class.getDeclaredMethods(Class.java:1975)
	at org.jvnet.hk2.internal.Utilities$5.run(Utilities.java:414)
	at org.jvnet.hk2.internal.Utilities$5.run(Utilities.java:410)
	at java.security.AccessController.doPrivileged(Native Method)
	at org.jvnet.hk2.internal.Utilities.getDeclaredMethods(Utilities.java:410)
	at org.jvnet.hk2.internal.Utilities.getAllMethodKeys(Utilities.java:1396)
	at org.jvnet.hk2.internal.Utilities.getAllMethods(Utilities.java:1340)
	at org.jvnet.hk2.internal.Utilities.findInitializerMethods(Utilities.java:1424)
	at org.jvnet.hk2.internal.DefaultClassAnalyzer.getInitializerMethods(DefaultClassAnalyzer.java:102)
	at org.glassfish.jersey.internal.inject.JerseyClassAnalyzer.getInitializerMethods(JerseyClassAnalyzer.java:239)
	at org.jvnet.hk2.internal.Utilities.getInitMethods(Utilities.java:243)
	at org.jvnet.hk2.internal.ClazzCreator.initialize(ClazzCreator.java:163)
	at org.jvnet.hk2.internal.ClazzCreator.initialize(ClazzCreator.java:200)
	at org.jvnet.hk2.internal.SystemDescriptor.internalReify(SystemDescriptor.java:649)
	at org.jvnet.hk2.internal.SystemDescriptor.reify(SystemDescriptor.java:604)
	at org.jvnet.hk2.internal.ServiceLocatorImpl.reifyDescriptor(ServiceLocatorImpl.java:405)
	at org.jvnet.hk2.internal.ServiceLocatorImpl.narrow(ServiceLocatorImpl.java:2046)
	at org.jvnet.hk2.internal.ServiceLocatorImpl.access$700(ServiceLocatorImpl.java:116)
	at org.jvnet.hk2.internal.ServiceLocatorImpl$8.compute(ServiceLocatorImpl.java:1207)
	at org.jvnet.hk2.internal.ServiceLocatorImpl$8.compute(ServiceLocatorImpl.java:1202)
	at org.glassfish.hk2.utilities.cache.LRUHybridCache$OriginThreadAwareFuture$1.call(LRUHybridCache.java:115)
	at org.glassfish.hk2.utilities.cache.LRUHybridCache$OriginThreadAwareFuture$1.call(LRUHybridCache.java:111)
	at java.util.concurrent.FutureTask.run(FutureTask.java:266)
	at org.glassfish.hk2.utilities.cache.LRUHybridCache$OriginThreadAwareFuture.run(LRUHybridCache.java:173)
	at org.glassfish.hk2.utilities.cache.LRUHybridCache.compute(LRUHybridCache.java:292)
	at org.jvnet.hk2.internal.ServiceLocatorImpl.internalGetAllServiceHandles(ServiceLocatorImpl.java:1280)
	at org.jvnet.hk2.internal.ServiceLocatorImpl.getAllServiceHandles(ServiceLocatorImpl.java:1189)
	at org.jvnet.hk2.internal.ServiceLocatorImpl.getAllServiceHandles(ServiceLocatorImpl.java:1178)
	at org.glassfish.jersey.internal.inject.Providers.getAllServiceHandles(Providers.java:314)
	at org.glassfish.jersey.internal.inject.Providers.getProviders(Providers.java:185)
	at org.glassfish.jersey.test.JerseyTest.getTestContainerFactory(JerseyTest.java:379)
	at org.glassfish.jersey.test.JerseyTest.&lt;init&gt;(JerseyTest.java:143)
	at com.pluralsight.MyResourceTest.&lt;init&gt;(MyResourceTest.java:10)
	at sun.reflect.NativeConstructorAccessorImpl.newInstance0(Native Method)
	at sun.reflect.NativeConstructorAccessorImpl.newInstance(NativeConstructorAccessorImpl.java:62)
	at sun.reflect.DelegatingConstructorAccessorImpl.newInstance(DelegatingConstructorAccessorImpl.java:45)
	at java.lang.reflect.Constructor.newInstance(Constructor.java:423)
	at org.junit.runners.BlockJUnit4ClassRunner.createTest(BlockJUnit4ClassRunner.java:178)
	at org.junit.runners.BlockJUnit4ClassRunner$1.runReflectiveCall(BlockJUnit4ClassRunner.java:227)
	at org.junit.internal.runners.model.ReflectiveCallable.run(ReflectiveCallable.java:15)
	at org.junit.runners.BlockJUnit4ClassRunner.methodBlock(BlockJUnit4ClassRunner.java:224)
	at org.junit.runners.BlockJUnit4ClassRunner.runChild(BlockJUnit4ClassRunner.java:69)
	at org.junit.runners.BlockJUnit4ClassRunner.runChild(BlockJUnit4ClassRunner.java:48)
	at org.junit.runners.ParentRunner$3.run(ParentRunner.java:231)
	at org.junit.runners.ParentRunner$1.schedule(ParentRunner.java:60)
	at org.junit.runners.ParentRunner.runChildren(ParentRunner.java:229)
	at org.junit.runners.ParentRunner.access$000(ParentRunner.java:50)
	at org.junit.runners.ParentRunner$2.evaluate(ParentRunner.java:222)
	at org.junit.runners.ParentRunner.run(ParentRunner.java:292)
	at org.apache.maven.surefire.junit4.JUnit4TestSet.execute(JUnit4TestSet.java:53)
	at org.apache.maven.surefire.junit4.JUnit4Provider.executeTestSet(JUnit4Provider.java:123)
	at org.apache.maven.surefire.junit4.JUnit4Provider.invoke(JUnit4Provider.java:104)
	at sun.reflect.NativeMethodAccessorImpl.invoke0(Native Method)
	at sun.reflect.NativeMethodAccessorImpl.invoke(NativeMethodAccessorImpl.java:62)
	at sun.reflect.DelegatingMethodAccessorImpl.invoke(DelegatingMethodAccessorImpl.java:43)
	at java.lang.reflect.Method.invoke(Method.java:498)
	at org.apache.maven.surefire.util.ReflectionUtils.invokeMethodWithArray(ReflectionUtils.java:164)
	at org.apache.maven.surefire.booter.ProviderFactory$ProviderProxy.invoke(ProviderFactory.java:110)
	at org.apache.maven.surefire.booter.SurefireStarter.invokeProvider(SurefireStarter.java:175)
	at org.apache.maven.surefire.booter.SurefireStarter.runSuitesInProcessWhenForked(SurefireStarter.java:107)
	at org.apache.maven.surefire.booter.ForkedBooter.main(ForkedBooter.java:68)
Caused by: java.lang.ClassNotFoundException: org.glassfish.jersey.test.DeploymentContext
	at java.net.URLClassLoader.findClass(URLClassLoader.java:381)
	at java.lang.ClassLoader.loadClass(ClassLoader.java:424)
	at sun.misc.Launcher$AppClassLoader.loadClass(Launcher.java:335)
	at java.lang.ClassLoader.loadClass(ClassLoader.java:357)
	... 63 more
MultiException stack 2 of 4
java.lang.NoClassDefFoundError: org/glassfish/jersey/test/DeploymentContext
	at java.lang.Class.getDeclaredMethods0(Native Method)
	at java.lang.Class.privateGetDeclaredMethods(Class.java:2701)
	at java.lang.Class.getDeclaredMethods(Class.java:1975)
	at org.jvnet.hk2.internal.Utilities$5.run(Utilities.java:414)
	at org.jvnet.hk2.internal.Utilities$5.run(Utilities.java:410)
	at java.security.AccessController.doPrivileged(Native Method)
	at org.jvnet.hk2.internal.Utilities.getDeclaredMethods(Utilities.java:410)
	at org.jvnet.hk2.internal.Utilities.getAllMethodKeys(Utilities.java:1396)
	at org.jvnet.hk2.internal.Utilities.getAllMethods(Utilities.java:1340)
	at org.jvnet.hk2.internal.Utilities.findPostConstruct(Utilities.java:2150)
	at org.jvnet.hk2.internal.DefaultClassAnalyzer.getPostConstructMethod(DefaultClassAnalyzer.java:125)
	at org.glassfish.jersey.internal.inject.JerseyClassAnalyzer.getPostConstructMethod(JerseyClassAnalyzer.java:249)
	at org.jvnet.hk2.internal.Utilities.getPostConstruct(Utilities.java:304)
	at org.jvnet.hk2.internal.ClazzCreator.initialize(ClazzCreator.java:187)
	at org.jvnet.hk2.internal.ClazzCreator.initialize(ClazzCreator.java:200)
	at org.jvnet.hk2.internal.SystemDescriptor.internalReify(SystemDescriptor.java:649)
	at org.jvnet.hk2.internal.SystemDescriptor.reify(SystemDescriptor.java:604)
	at org.jvnet.hk2.internal.ServiceLocatorImpl.reifyDescriptor(ServiceLocatorImpl.java:405)
	at org.jvnet.hk2.internal.ServiceLocatorImpl.narrow(ServiceLocatorImpl.java:2046)
	at org.jvnet.hk2.internal.ServiceLocatorImpl.access$700(ServiceLocatorImpl.java:116)
	at org.jvnet.hk2.internal.ServiceLocatorImpl$8.compute(ServiceLocatorImpl.java:1207)
	at org.jvnet.hk2.internal.ServiceLocatorImpl$8.compute(ServiceLocatorImpl.java:1202)
	at org.glassfish.hk2.utilities.cache.LRUHybridCache$OriginThreadAwareFuture$1.call(LRUHybridCache.java:115)
	at org.glassfish.hk2.utilities.cache.LRUHybridCache$OriginThreadAwareFuture$1.call(LRUHybridCache.java:111)
	at java.util.concurrent.FutureTask.run(FutureTask.java:266)
	at org.glassfish.hk2.utilities.cache.LRUHybridCache$OriginThreadAwareFuture.run(LRUHybridCache.java:173)
	at org.glassfish.hk2.utilities.cache.LRUHybridCache.compute(LRUHybridCache.java:292)
	at org.jvnet.hk2.internal.ServiceLocatorImpl.internalGetAllServiceHandles(ServiceLocatorImpl.java:1280)
	at org.jvnet.hk2.internal.ServiceLocatorImpl.getAllServiceHandles(ServiceLocatorImpl.java:1189)
	at org.jvnet.hk2.internal.ServiceLocatorImpl.getAllServiceHandles(ServiceLocatorImpl.java:1178)
	at org.glassfish.jersey.internal.inject.Providers.getAllServiceHandles(Providers.java:314)
	at org.glassfish.jersey.internal.inject.Providers.getProviders(Providers.java:185)
	at org.glassfish.jersey.test.JerseyTest.getTestContainerFactory(JerseyTest.java:379)
	at org.glassfish.jersey.test.JerseyTest.&lt;init&gt;(JerseyTest.java:143)
	at com.pluralsight.MyResourceTest.&lt;init&gt;(MyResourceTest.java:10)
	at sun.reflect.NativeConstructorAccessorImpl.newInstance0(Native Method)
	at sun.reflect.NativeConstructorAccessorImpl.newInstance(NativeConstructorAccessorImpl.java:62)
	at sun.reflect.DelegatingConstructorAccessorImpl.newInstance(DelegatingConstructorAccessorImpl.java:45)
	at java.lang.reflect.Constructor.newInstance(Constructor.java:423)
	at org.junit.runners.BlockJUnit4ClassRunner.createTest(BlockJUnit4ClassRunner.java:178)
	at org.junit.runners.BlockJUnit4ClassRunner$1.runReflectiveCall(BlockJUnit4ClassRunner.java:227)
	at org.junit.internal.runners.model.ReflectiveCallable.run(ReflectiveCallable.java:15)
	at org.junit.runners.BlockJUnit4ClassRunner.methodBlock(BlockJUnit4ClassRunner.java:224)
	at org.junit.runners.BlockJUnit4ClassRunner.runChild(BlockJUnit4ClassRunner.java:69)
	at org.junit.runners.BlockJUnit4ClassRunner.runChild(BlockJUnit4ClassRunner.java:48)
	at org.junit.runners.ParentRunner$3.run(ParentRunner.java:231)
	at org.junit.runners.ParentRunner$1.schedule(ParentRunner.java:60)
	at org.junit.runners.ParentRunner.runChildren(ParentRunner.java:229)
	at org.junit.runners.ParentRunner.access$000(ParentRunner.java:50)
	at org.junit.runners.ParentRunner$2.evaluate(ParentRunner.java:222)
	at org.junit.runners.ParentRunner.run(ParentRunner.java:292)
	at org.apache.maven.surefire.junit4.JUnit4TestSet.execute(JUnit4TestSet.java:53)
	at org.apache.maven.surefire.junit4.JUnit4Provider.executeTestSet(JUnit4Provider.java:123)
	at org.apache.maven.surefire.junit4.JUnit4Provider.invoke(JUnit4Provider.java:104)
	at sun.reflect.NativeMethodAccessorImpl.invoke0(Native Method)
	at sun.reflect.NativeMethodAccessorImpl.invoke(NativeMethodAccessorImpl.java:62)
	at sun.reflect.DelegatingMethodAccessorImpl.invoke(DelegatingMethodAccessorImpl.java:43)
	at java.lang.reflect.Method.invoke(Method.java:498)
	at org.apache.maven.surefire.util.ReflectionUtils.invokeMethodWithArray(ReflectionUtils.java:164)
	at org.apache.maven.surefire.booter.ProviderFactory$ProviderProxy.invoke(ProviderFactory.java:110)
	at org.apache.maven.surefire.booter.SurefireStarter.invokeProvider(SurefireStarter.java:175)
	at org.apache.maven.surefire.booter.SurefireStarter.runSuitesInProcessWhenForked(SurefireStarter.java:107)
	at org.apache.maven.surefire.booter.ForkedBooter.main(ForkedBooter.java:68)
Caused by: java.lang.ClassNotFoundException: org.glassfish.jersey.test.DeploymentContext
	at java.net.URLClassLoader.findClass(URLClassLoader.java:381)
	at java.lang.ClassLoader.loadClass(ClassLoader.java:424)
	at sun.misc.Launcher$AppClassLoader.loadClass(Launcher.java:335)
	at java.lang.ClassLoader.loadClass(ClassLoader.java:357)
	... 63 more
MultiException stack 3 of 4
java.lang.NoClassDefFoundError: org/glassfish/jersey/test/DeploymentContext
	at java.lang.Class.getDeclaredMethods0(Native Method)
	at java.lang.Class.privateGetDeclaredMethods(Class.java:2701)
	at java.lang.Class.getDeclaredMethods(Class.java:1975)
	at org.jvnet.hk2.internal.Utilities$5.run(Utilities.java:414)
	at org.jvnet.hk2.internal.Utilities$5.run(Utilities.java:410)
	at java.security.AccessController.doPrivileged(Native Method)
	at org.jvnet.hk2.internal.Utilities.getDeclaredMethods(Utilities.java:410)
	at org.jvnet.hk2.internal.Utilities.getAllMethodKeys(Utilities.java:1396)
	at org.jvnet.hk2.internal.Utilities.getAllMethods(Utilities.java:1340)
	at org.jvnet.hk2.internal.Utilities.findPreDestroy(Utilities.java:2195)
	at org.jvnet.hk2.internal.DefaultClassAnalyzer.getPreDestroyMethod(DefaultClassAnalyzer.java:136)
	at org.glassfish.jersey.internal.inject.JerseyClassAnalyzer.getPreDestroyMethod(JerseyClassAnalyzer.java:254)
	at org.jvnet.hk2.internal.Utilities.getPreDestroy(Utilities.java:326)
	at org.jvnet.hk2.internal.ClazzCreator.initialize(ClazzCreator.java:188)
	at org.jvnet.hk2.internal.ClazzCreator.initialize(ClazzCreator.java:200)
	at org.jvnet.hk2.internal.SystemDescriptor.internalReify(SystemDescriptor.java:649)
	at org.jvnet.hk2.internal.SystemDescriptor.reify(SystemDescriptor.java:604)
	at org.jvnet.hk2.internal.ServiceLocatorImpl.reifyDescriptor(ServiceLocatorImpl.java:405)
	at org.jvnet.hk2.internal.ServiceLocatorImpl.narrow(ServiceLocatorImpl.java:2046)
	at org.jvnet.hk2.internal.ServiceLocatorImpl.access$700(ServiceLocatorImpl.java:116)
	at org.jvnet.hk2.internal.ServiceLocatorImpl$8.compute(ServiceLocatorImpl.java:1207)
	at org.jvnet.hk2.internal.ServiceLocatorImpl$8.compute(ServiceLocatorImpl.java:1202)
	at org.glassfish.hk2.utilities.cache.LRUHybridCache$OriginThreadAwareFuture$1.call(LRUHybridCache.java:115)
	at org.glassfish.hk2.utilities.cache.LRUHybridCache$OriginThreadAwareFuture$1.call(LRUHybridCache.java:111)
	at java.util.concurrent.FutureTask.run(FutureTask.java:266)
	at org.glassfish.hk2.utilities.cache.LRUHybridCache$OriginThreadAwareFuture.run(LRUHybridCache.java:173)
	at org.glassfish.hk2.utilities.cache.LRUHybridCache.compute(LRUHybridCache.java:292)
	at org.jvnet.hk2.internal.ServiceLocatorImpl.internalGetAllServiceHandles(ServiceLocatorImpl.java:1280)
	at org.jvnet.hk2.internal.ServiceLocatorImpl.getAllServiceHandles(ServiceLocatorImpl.java:1189)
	at org.jvnet.hk2.internal.ServiceLocatorImpl.getAllServiceHandles(ServiceLocatorImpl.java:1178)
	at org.glassfish.jersey.internal.inject.Providers.getAllServiceHandles(Providers.java:314)
	at org.glassfish.jersey.internal.inject.Providers.getProviders(Providers.java:185)
	at org.glassfish.jersey.test.JerseyTest.getTestContainerFactory(JerseyTest.java:379)
	at org.glassfish.jersey.test.JerseyTest.&lt;init&gt;(JerseyTest.java:143)
	at com.pluralsight.MyResourceTest.&lt;init&gt;(MyResourceTest.java:10)
	at sun.reflect.NativeConstructorAccessorImpl.newInstance0(Native Method)
	at sun.reflect.NativeConstructorAccessorImpl.newInstance(NativeConstructorAccessorImpl.java:62)
	at sun.reflect.DelegatingConstructorAccessorImpl.newInstance(DelegatingConstructorAccessorImpl.java:45)
	at java.lang.reflect.Constructor.newInstance(Constructor.java:423)
	at org.junit.runners.BlockJUnit4ClassRunner.createTest(BlockJUnit4ClassRunner.java:178)
	at org.junit.runners.BlockJUnit4ClassRunner$1.runReflectiveCall(BlockJUnit4ClassRunner.java:227)
	at org.junit.internal.runners.model.ReflectiveCallable.run(ReflectiveCallable.java:15)
	at org.junit.runners.BlockJUnit4ClassRunner.methodBlock(BlockJUnit4ClassRunner.java:224)
	at org.junit.runners.BlockJUnit4ClassRunner.runChild(BlockJUnit4ClassRunner.java:69)
	at org.junit.runners.BlockJUnit4ClassRunner.runChild(BlockJUnit4ClassRunner.java:48)
	at org.junit.runners.ParentRunner$3.run(ParentRunner.java:231)
	at org.junit.runners.ParentRunner$1.schedule(ParentRunner.java:60)
	at org.junit.runners.ParentRunner.runChildren(ParentRunner.java:229)
	at org.junit.runners.ParentRunner.access$000(ParentRunner.java:50)
	at org.junit.runners.ParentRunner$2.evaluate(ParentRunner.java:222)
	at org.junit.runners.ParentRunner.run(ParentRunner.java:292)
	at org.apache.maven.surefire.junit4.JUnit4TestSet.execute(JUnit4TestSet.java:53)
	at org.apache.maven.surefire.junit4.JUnit4Provider.executeTestSet(JUnit4Provider.java:123)
	at org.apache.maven.surefire.junit4.JUnit4Provider.invoke(JUnit4Provider.java:104)
	at sun.reflect.NativeMethodAccessorImpl.invoke0(Native Method)
	at sun.reflect.NativeMethodAccessorImpl.invoke(NativeMethodAccessorImpl.java:62)
	at sun.reflect.DelegatingMethodAccessorImpl.invoke(DelegatingMethodAccessorImpl.java:43)
	at java.lang.reflect.Method.invoke(Method.java:498)
	at org.apache.maven.surefire.util.ReflectionUtils.invokeMethodWithArray(ReflectionUtils.java:164)
	at org.apache.maven.surefire.booter.ProviderFactory$ProviderProxy.invoke(ProviderFactory.java:110)
	at org.apache.maven.surefire.booter.SurefireStarter.invokeProvider(SurefireStarter.java:175)
	at org.apache.maven.surefire.booter.SurefireStarter.runSuitesInProcessWhenForked(SurefireStarter.java:107)
	at org.apache.maven.surefire.booter.ForkedBooter.main(ForkedBooter.java:68)
Caused by: java.lang.ClassNotFoundException: org.glassfish.jersey.test.DeploymentContext
	at java.net.URLClassLoader.findClass(URLClassLoader.java:381)
	at java.lang.ClassLoader.loadClass(ClassLoader.java:424)
	at sun.misc.Launcher$AppClassLoader.loadClass(Launcher.java:335)
	at java.lang.ClassLoader.loadClass(ClassLoader.java:357)
	... 63 more
MultiException stack 4 of 4
java.lang.IllegalArgumentException: Errors were discovered while reifying SystemDescriptor(
	implementation=org.glassfish.jersey.test.grizzly.GrizzlyTestContainerFactory
	contracts={org.glassfish.jersey.test.spi.TestContainerFactory}
	scope=org.glassfish.hk2.api.PerLookup
	qualifiers={}
	descriptorType=CLASS
	descriptorVisibility=NORMAL
	metadata=
	rank=0
	loader=org.glassfish.hk2.utilities.binding.AbstractBinder$2@48bb62
	proxiable=null
	proxyForSameScope=null
	analysisName=null
	id=148
	locatorId=0
	identityHashCode=335708295
	reified=false)
	at org.jvnet.hk2.internal.SystemDescriptor.reify(SystemDescriptor.java:615)
	at org.jvnet.hk2.internal.ServiceLocatorImpl.reifyDescriptor(ServiceLocatorImpl.java:405)
	at org.jvnet.hk2.internal.ServiceLocatorImpl.narrow(ServiceLocatorImpl.java:2046)
	at org.jvnet.hk2.internal.ServiceLocatorImpl.access$700(ServiceLocatorImpl.java:116)
	at org.jvnet.hk2.internal.ServiceLocatorImpl$8.compute(ServiceLocatorImpl.java:1207)
	at org.jvnet.hk2.internal.ServiceLocatorImpl$8.compute(ServiceLocatorImpl.java:1202)
	at org.glassfish.hk2.utilities.cache.LRUHybridCache$OriginThreadAwareFuture$1.call(LRUHybridCache.java:115)
	at org.glassfish.hk2.utilities.cache.LRUHybridCache$OriginThreadAwareFuture$1.call(LRUHybridCache.java:111)
	at java.util.concurrent.FutureTask.run(FutureTask.java:266)
	at org.glassfish.hk2.utilities.cache.LRUHybridCache$OriginThreadAwareFuture.run(LRUHybridCache.java:173)
	at org.glassfish.hk2.utilities.cache.LRUHybridCache.compute(LRUHybridCache.java:292)
	at org.jvnet.hk2.internal.ServiceLocatorImpl.internalGetAllServiceHandles(ServiceLocatorImpl.java:1280)
	at org.jvnet.hk2.internal.ServiceLocatorImpl.getAllServiceHandles(ServiceLocatorImpl.java:1189)
	at org.jvnet.hk2.internal.ServiceLocatorImpl.getAllServiceHandles(ServiceLocatorImpl.java:1178)
	at org.glassfish.jersey.internal.inject.Providers.getAllServiceHandles(Providers.java:314)
	at org.glassfish.jersey.internal.inject.Providers.getProviders(Providers.java:185)
	at org.glassfish.jersey.test.JerseyTest.getTestContainerFactory(JerseyTest.java:379)
	at org.glassfish.jersey.test.JerseyTest.&lt;init&gt;(JerseyTest.java:143)
	at com.pluralsight.MyResourceTest.&lt;init&gt;(MyResourceTest.java:10)
	at sun.reflect.NativeConstructorAccessorImpl.newInstance0(Native Method)
	at sun.reflect.NativeConstructorAccessorImpl.newInstance(NativeConstructorAccessorImpl.java:62)
	at sun.reflect.DelegatingConstructorAccessorImpl.newInstance(DelegatingConstructorAccessorImpl.java:45)
	at java.lang.reflect.Constructor.newInstance(Constructor.java:423)
	at org.junit.runners.BlockJUnit4ClassRunner.createTest(BlockJUnit4ClassRunner.java:178)
	at org.junit.runners.BlockJUnit4ClassRunner$1.runReflectiveCall(BlockJUnit4ClassRunner.java:227)
	at org.junit.internal.runners.model.ReflectiveCallable.run(ReflectiveCallable.java:15)
	at org.junit.runners.BlockJUnit4ClassRunner.methodBlock(BlockJUnit4ClassRunner.java:224)
	at org.junit.runners.BlockJUnit4ClassRunner.runChild(BlockJUnit4ClassRunner.java:69)
	at org.junit.runners.BlockJUnit4ClassRunner.runChild(BlockJUnit4ClassRunner.java:48)
	at org.junit.runners.ParentRunner$3.run(ParentRunner.java:231)
	at org.junit.runners.ParentRunner$1.schedule(ParentRunner.java:60)
	at org.junit.runners.ParentRunner.runChildren(ParentRunner.java:229)
	at org.junit.runners.ParentRunner.access$000(ParentRunner.java:50)
	at org.junit.runners.ParentRunner$2.evaluate(ParentRunner.java:222)
	at org.junit.runners.ParentRunner.run(ParentRunner.java:292)
	at org.apache.maven.surefire.junit4.JUnit4TestSet.execute(JUnit4TestSet.java:53)
	at org.apache.maven.surefire.junit4.JUnit4Provider.executeTestSet(JUnit4Provider.java:123)
	at org.apache.maven.surefire.junit4.JUnit4Provider.invoke(JUnit4Provider.java:104)
	at sun.reflect.NativeMethodAccessorImpl.invoke0(Native Method)
	at sun.reflect.NativeMethodAccessorImpl.invoke(NativeMethodAccessorImpl.java:62)
	at sun.reflect.DelegatingMethodAccessorImpl.invoke(DelegatingMethodAccessorImpl.java:43)
	at java.lang.reflect.Method.invoke(Method.java:498)
	at org.apache.maven.surefire.util.ReflectionUtils.invokeMethodWithArray(ReflectionUtils.java:164)
	at org.apache.maven.surefire.booter.ProviderFactory$ProviderProxy.invoke(ProviderFactory.java:110)
	at org.apache.maven.surefire.booter.SurefireStarter.invokeProvider(SurefireStarter.java:175)
	at org.apache.maven.surefire.booter.SurefireStarter.runSuitesInProcessWhenForked(SurefireStarter.java:107)
	at org.apache.maven.surefire.booter.ForkedBooter.main(ForkedBooter.java:68)


dez 18, 2018 9:40:07 AM org.glassfish.jersey.internal.Errors logErrors
ADVERTÊNCIA: The following warnings have been detected: WARNING: HK2 failure has been detected in a code that does not run in an active Jersey Error scope.
WARNING: HK2 service reification failed for [org.glassfish.jersey.test.grizzly.GrizzlyWebTestContainerFactory] with an exception:
MultiException stack 1 of 4
java.lang.NoClassDefFoundError: org/glassfish/jersey/test/DeploymentContext
	at java.lang.Class.getDeclaredMethods0(Native Method)
	at java.lang.Class.privateGetDeclaredMethods(Class.java:2701)
	at java.lang.Class.getDeclaredMethods(Class.java:1975)
	at org.jvnet.hk2.internal.Utilities$5.run(Utilities.java:414)
	at org.jvnet.hk2.internal.Utilities$5.run(Utilities.java:410)
	at java.security.AccessController.doPrivileged(Native Method)
	at org.jvnet.hk2.internal.Utilities.getDeclaredMethods(Utilities.java:410)
	at org.jvnet.hk2.internal.Utilities.getAllMethodKeys(Utilities.java:1396)
	at org.jvnet.hk2.internal.Utilities.getAllMethods(Utilities.java:1340)
	at org.jvnet.hk2.internal.Utilities.findInitializerMethods(Utilities.java:1424)
	at org.jvnet.hk2.internal.DefaultClassAnalyzer.getInitializerMethods(DefaultClassAnalyzer.java:102)
	at org.glassfish.jersey.internal.inject.JerseyClassAnalyzer.getInitializerMethods(JerseyClassAnalyzer.java:239)
	at org.jvnet.hk2.internal.Utilities.getInitMethods(Utilities.java:243)
	at org.jvnet.hk2.internal.ClazzCreator.initialize(ClazzCreator.java:163)
	at org.jvnet.hk2.internal.ClazzCreator.initialize(ClazzCreator.java:200)
	at org.jvnet.hk2.internal.SystemDescriptor.internalReify(SystemDescriptor.java:649)
	at org.jvnet.hk2.internal.SystemDescriptor.reify(SystemDescriptor.java:604)
	at org.jvnet.hk2.internal.ServiceLocatorImpl.reifyDescriptor(ServiceLocatorImpl.java:405)
	at org.jvnet.hk2.internal.ServiceLocatorImpl.narrow(ServiceLocatorImpl.java:2046)
	at org.jvnet.hk2.internal.ServiceLocatorImpl.access$700(ServiceLocatorImpl.java:116)
	at org.jvnet.hk2.internal.ServiceLocatorImpl$8.compute(ServiceLocatorImpl.java:1207)
	at org.jvnet.hk2.internal.ServiceLocatorImpl$8.compute(ServiceLocatorImpl.java:1202)
	at org.glassfish.hk2.utilities.cache.LRUHybridCache$OriginThreadAwareFuture$1.call(LRUHybridCache.java:115)
	at org.glassfish.hk2.utilities.cache.LRUHybridCache$OriginThreadAwareFuture$1.call(LRUHybridCache.java:111)
	at java.util.concurrent.FutureTask.run(FutureTask.java:266)
	at org.glassfish.hk2.utilities.cache.LRUHybridCache$OriginThreadAwareFuture.run(LRUHybridCache.java:173)
	at org.glassfish.hk2.utilities.cache.LRUHybridCache.compute(LRUHybridCache.java:292)
	at org.jvnet.hk2.internal.ServiceLocatorImpl.internalGetAllServiceHandles(ServiceLocatorImpl.java:1280)
	at org.jvnet.hk2.internal.ServiceLocatorImpl.getAllServiceHandles(ServiceLocatorImpl.java:1189)
	at org.jvnet.hk2.internal.ServiceLocatorImpl.getAllServiceHandles(ServiceLocatorImpl.java:1178)
	at org.glassfish.jersey.internal.inject.Providers.getAllServiceHandles(Providers.java:314)
	at org.glassfish.jersey.internal.inject.Providers.getProviders(Providers.java:185)
	at org.glassfish.jersey.test.JerseyTest.getTestContainerFactory(JerseyTest.java:379)
	at org.glassfish.jersey.test.JerseyTest.&lt;init&gt;(JerseyTest.java:143)
	at com.pluralsight.MyResourceTest.&lt;init&gt;(MyResourceTest.java:10)
	at sun.reflect.NativeConstructorAccessorImpl.newInstance0(Native Method)
	at sun.reflect.NativeConstructorAccessorImpl.newInstance(NativeConstructorAccessorImpl.java:62)
	at sun.reflect.DelegatingConstructorAccessorImpl.newInstance(DelegatingConstructorAccessorImpl.java:45)
	at java.lang.reflect.Constructor.newInstance(Constructor.java:423)
	at org.junit.runners.BlockJUnit4ClassRunner.createTest(BlockJUnit4ClassRunner.java:178)
	at org.junit.runners.BlockJUnit4ClassRunner$1.runReflectiveCall(BlockJUnit4ClassRunner.java:227)
	at org.junit.internal.runners.model.ReflectiveCallable.run(ReflectiveCallable.java:15)
	at org.junit.runners.BlockJUnit4ClassRunner.methodBlock(BlockJUnit4ClassRunner.java:224)
	at org.junit.runners.BlockJUnit4ClassRunner.runChild(BlockJUnit4ClassRunner.java:69)
	at org.junit.runners.BlockJUnit4ClassRunner.runChild(BlockJUnit4ClassRunner.java:48)
	at org.junit.runners.ParentRunner$3.run(ParentRunner.java:231)
	at org.junit.runners.ParentRunner$1.schedule(ParentRunner.java:60)
	at org.junit.runners.ParentRunner.runChildren(ParentRunner.java:229)
	at org.junit.runners.ParentRunner.access$000(ParentRunner.java:50)
	at org.junit.runners.ParentRunner$2.evaluate(ParentRunner.java:222)
	at org.junit.runners.ParentRunner.run(ParentRunner.java:292)
	at org.apache.maven.surefire.junit4.JUnit4TestSet.execute(JUnit4TestSet.java:53)
	at org.apache.maven.surefire.junit4.JUnit4Provider.executeTestSet(JUnit4Provider.java:123)
	at org.apache.maven.surefire.junit4.JUnit4Provider.invoke(JUnit4Provider.java:104)
	at sun.reflect.NativeMethodAccessorImpl.invoke0(Native Method)
	at sun.reflect.NativeMethodAccessorImpl.invoke(NativeMethodAccessorImpl.java:62)
	at sun.reflect.DelegatingMethodAccessorImpl.invoke(DelegatingMethodAccessorImpl.java:43)
	at java.lang.reflect.Method.invoke(Method.java:498)
	at org.apache.maven.surefire.util.ReflectionUtils.invokeMethodWithArray(ReflectionUtils.java:164)
	at org.apache.maven.surefire.booter.ProviderFactory$ProviderProxy.invoke(ProviderFactory.java:110)
	at org.apache.maven.surefire.booter.SurefireStarter.invokeProvider(SurefireStarter.java:175)
	at org.apache.maven.surefire.booter.SurefireStarter.runSuitesInProcessWhenForked(SurefireStarter.java:107)
	at org.apache.maven.surefire.booter.ForkedBooter.main(ForkedBooter.java:68)
Caused by: java.lang.ClassNotFoundException: org.glassfish.jersey.test.DeploymentContext
	at java.net.URLClassLoader.findClass(URLClassLoader.java:381)
	at java.lang.ClassLoader.loadClass(ClassLoader.java:424)
	at sun.misc.Launcher$AppClassLoader.loadClass(Launcher.java:335)
	at java.lang.ClassLoader.loadClass(ClassLoader.java:357)
	... 63 more
MultiException stack 2 of 4
java.lang.NoClassDefFoundError: org/glassfish/jersey/test/DeploymentContext
	at java.lang.Class.getDeclaredMethods0(Native Method)
	at java.lang.Class.privateGetDeclaredMethods(Class.java:2701)
	at java.lang.Class.getDeclaredMethods(Class.java:1975)
	at org.jvnet.hk2.internal.Utilities$5.run(Utilities.java:414)
	at org.jvnet.hk2.internal.Utilities$5.run(Utilities.java:410)
	at java.security.AccessController.doPrivileged(Native Method)
	at org.jvnet.hk2.internal.Utilities.getDeclaredMethods(Utilities.java:410)
	at org.jvnet.hk2.internal.Utilities.getAllMethodKeys(Utilities.java:1396)
	at org.jvnet.hk2.internal.Utilities.getAllMethods(Utilities.java:1340)
	at org.jvnet.hk2.internal.Utilities.findPostConstruct(Utilities.java:2150)
	at org.jvnet.hk2.internal.DefaultClassAnalyzer.getPostConstructMethod(DefaultClassAnalyzer.java:125)
	at org.glassfish.jersey.internal.inject.JerseyClassAnalyzer.getPostConstructMethod(JerseyClassAnalyzer.java:249)
	at org.jvnet.hk2.internal.Utilities.getPostConstruct(Utilities.java:304)
	at org.jvnet.hk2.internal.ClazzCreator.initialize(ClazzCreator.java:187)
	at org.jvnet.hk2.internal.ClazzCreator.initialize(ClazzCreator.java:200)
	at org.jvnet.hk2.internal.SystemDescriptor.internalReify(SystemDescriptor.java:649)
	at org.jvnet.hk2.internal.SystemDescriptor.reify(SystemDescriptor.java:604)
	at org.jvnet.hk2.internal.ServiceLocatorImpl.reifyDescriptor(ServiceLocatorImpl.java:405)
	at org.jvnet.hk2.internal.ServiceLocatorImpl.narrow(ServiceLocatorImpl.java:2046)
	at org.jvnet.hk2.internal.ServiceLocatorImpl.access$700(ServiceLocatorImpl.java:116)
	at org.jvnet.hk2.internal.ServiceLocatorImpl$8.compute(ServiceLocatorImpl.java:1207)
	at org.jvnet.hk2.internal.ServiceLocatorImpl$8.compute(ServiceLocatorImpl.java:1202)
	at org.glassfish.hk2.utilities.cache.LRUHybridCache$OriginThreadAwareFuture$1.call(LRUHybridCache.java:115)
	at org.glassfish.hk2.utilities.cache.LRUHybridCache$OriginThreadAwareFuture$1.call(LRUHybridCache.java:111)
	at java.util.concurrent.FutureTask.run(FutureTask.java:266)
	at org.glassfish.hk2.utilities.cache.LRUHybridCache$OriginThreadAwareFuture.run(LRUHybridCache.java:173)
	at org.glassfish.hk2.utilities.cache.LRUHybridCache.compute(LRUHybridCache.java:292)
	at org.jvnet.hk2.internal.ServiceLocatorImpl.internalGetAllServiceHandles(ServiceLocatorImpl.java:1280)
	at org.jvnet.hk2.internal.ServiceLocatorImpl.getAllServiceHandles(ServiceLocatorImpl.java:1189)
	at org.jvnet.hk2.internal.ServiceLocatorImpl.getAllServiceHandles(ServiceLocatorImpl.java:1178)
	at org.glassfish.jersey.internal.inject.Providers.getAllServiceHandles(Providers.java:314)
	at org.glassfish.jersey.internal.inject.Providers.getProviders(Providers.java:185)
	at org.glassfish.jersey.test.JerseyTest.getTestContainerFactory(JerseyTest.java:379)
	at org.glassfish.jersey.test.JerseyTest.&lt;init&gt;(JerseyTest.java:143)
	at com.pluralsight.MyResourceTest.&lt;init&gt;(MyResourceTest.java:10)
	at sun.reflect.NativeConstructorAccessorImpl.newInstance0(Native Method)
	at sun.reflect.NativeConstructorAccessorImpl.newInstance(NativeConstructorAccessorImpl.java:62)
	at sun.reflect.DelegatingConstructorAccessorImpl.newInstance(DelegatingConstructorAccessorImpl.java:45)
	at java.lang.reflect.Constructor.newInstance(Constructor.java:423)
	at org.junit.runners.BlockJUnit4ClassRunner.createTest(BlockJUnit4ClassRunner.java:178)
	at org.junit.runners.BlockJUnit4ClassRunner$1.runReflectiveCall(BlockJUnit4ClassRunner.java:227)
	at org.junit.internal.runners.model.ReflectiveCallable.run(ReflectiveCallable.java:15)
	at org.junit.runners.BlockJUnit4ClassRunner.methodBlock(BlockJUnit4ClassRunner.java:224)
	at org.junit.runners.BlockJUnit4ClassRunner.runChild(BlockJUnit4ClassRunner.java:69)
	at org.junit.runners.BlockJUnit4ClassRunner.runChild(BlockJUnit4ClassRunner.java:48)
	at org.junit.runners.ParentRunner$3.run(ParentRunner.java:231)
	at org.junit.runners.ParentRunner$1.schedule(ParentRunner.java:60)
	at org.junit.runners.ParentRunner.runChildren(ParentRunner.java:229)
	at org.junit.runners.ParentRunner.access$000(ParentRunner.java:50)
	at org.junit.runners.ParentRunner$2.evaluate(ParentRunner.java:222)
	at org.junit.runners.ParentRunner.run(ParentRunner.java:292)
	at org.apache.maven.surefire.junit4.JUnit4TestSet.execute(JUnit4TestSet.java:53)
	at org.apache.maven.surefire.junit4.JUnit4Provider.executeTestSet(JUnit4Provider.java:123)
	at org.apache.maven.surefire.junit4.JUnit4Provider.invoke(JUnit4Provider.java:104)
	at sun.reflect.NativeMethodAccessorImpl.invoke0(Native Method)
	at sun.reflect.NativeMethodAccessorImpl.invoke(NativeMethodAccessorImpl.java:62)
	at sun.reflect.DelegatingMethodAccessorImpl.invoke(DelegatingMethodAccessorImpl.java:43)
	at java.lang.reflect.Method.invoke(Method.java:498)
	at org.apache.maven.surefire.util.ReflectionUtils.invokeMethodWithArray(ReflectionUtils.java:164)
	at org.apache.maven.surefire.booter.ProviderFactory$ProviderProxy.invoke(ProviderFactory.java:110)
	at org.apache.maven.surefire.booter.SurefireStarter.invokeProvider(SurefireStarter.java:175)
	at org.apache.maven.surefire.booter.SurefireStarter.runSuitesInProcessWhenForked(SurefireStarter.java:107)
	at org.apache.maven.surefire.booter.ForkedBooter.main(ForkedBooter.java:68)
Caused by: java.lang.ClassNotFoundException: org.glassfish.jersey.test.DeploymentContext
	at java.net.URLClassLoader.findClass(URLClassLoader.java:381)
	at java.lang.ClassLoader.loadClass(ClassLoader.java:424)
	at sun.misc.Launcher$AppClassLoader.loadClass(Launcher.java:335)
	at java.lang.ClassLoader.loadClass(ClassLoader.java:357)
	... 63 more
MultiException stack 3 of 4
java.lang.NoClassDefFoundError: org/glassfish/jersey/test/DeploymentContext
	at java.lang.Class.getDeclaredMethods0(Native Method)
	at java.lang.Class.privateGetDeclaredMethods(Class.java:2701)
	at java.lang.Class.getDeclaredMethods(Class.java:1975)
	at org.jvnet.hk2.internal.Utilities$5.run(Utilities.java:414)
	at org.jvnet.hk2.internal.Utilities$5.run(Utilities.java:410)
	at java.security.AccessController.doPrivileged(Native Method)
	at org.jvnet.hk2.internal.Utilities.getDeclaredMethods(Utilities.java:410)
	at org.jvnet.hk2.internal.Utilities.getAllMethodKeys(Utilities.java:1396)
	at org.jvnet.hk2.internal.Utilities.getAllMethods(Utilities.java:1340)
	at org.jvnet.hk2.internal.Utilities.findPreDestroy(Utilities.java:2195)
	at org.jvnet.hk2.internal.DefaultClassAnalyzer.getPreDestroyMethod(DefaultClassAnalyzer.java:136)
	at org.glassfish.jersey.internal.inject.JerseyClassAnalyzer.getPreDestroyMethod(JerseyClassAnalyzer.java:254)
	at org.jvnet.hk2.internal.Utilities.getPreDestroy(Utilities.java:326)
	at org.jvnet.hk2.internal.ClazzCreator.initialize(ClazzCreator.java:188)
	at org.jvnet.hk2.internal.ClazzCreator.initialize(ClazzCreator.java:200)
	at org.jvnet.hk2.internal.SystemDescriptor.internalReify(SystemDescriptor.java:649)
	at org.jvnet.hk2.internal.SystemDescriptor.reify(SystemDescriptor.java:604)
	at org.jvnet.hk2.internal.ServiceLocatorImpl.reifyDescriptor(ServiceLocatorImpl.java:405)
	at org.jvnet.hk2.internal.ServiceLocatorImpl.narrow(ServiceLocatorImpl.java:2046)
	at org.jvnet.hk2.internal.ServiceLocatorImpl.access$700(ServiceLocatorImpl.java:116)
	at org.jvnet.hk2.internal.ServiceLocatorImpl$8.compute(ServiceLocatorImpl.java:1207)
	at org.jvnet.hk2.internal.ServiceLocatorImpl$8.compute(ServiceLocatorImpl.java:1202)
	at org.glassfish.hk2.utilities.cache.LRUHybridCache$OriginThreadAwareFuture$1.call(LRUHybridCache.java:115)
	at org.glassfish.hk2.utilities.cache.LRUHybridCache$OriginThreadAwareFuture$1.call(LRUHybridCache.java:111)
	at java.util.concurrent.FutureTask.run(FutureTask.java:266)
	at org.glassfish.hk2.utilities.cache.LRUHybridCache$OriginThreadAwareFuture.run(LRUHybridCache.java:173)
	at org.glassfish.hk2.utilities.cache.LRUHybridCache.compute(LRUHybridCache.java:292)
	at org.jvnet.hk2.internal.ServiceLocatorImpl.internalGetAllServiceHandles(ServiceLocatorImpl.java:1280)
	at org.jvnet.hk2.internal.ServiceLocatorImpl.getAllServiceHandles(ServiceLocatorImpl.java:1189)
	at org.jvnet.hk2.internal.ServiceLocatorImpl.getAllServiceHandles(ServiceLocatorImpl.java:1178)
	at org.glassfish.jersey.internal.inject.Providers.getAllServiceHandles(Providers.java:314)
	at org.glassfish.jersey.internal.inject.Providers.getProviders(Providers.java:185)
	at org.glassfish.jersey.test.JerseyTest.getTestContainerFactory(JerseyTest.java:379)
	at org.glassfish.jersey.test.JerseyTest.&lt;init&gt;(JerseyTest.java:143)
	at com.pluralsight.MyResourceTest.&lt;init&gt;(MyResourceTest.java:10)
	at sun.reflect.NativeConstructorAccessorImpl.newInstance0(Native Method)
	at sun.reflect.NativeConstructorAccessorImpl.newInstance(NativeConstructorAccessorImpl.java:62)
	at sun.reflect.DelegatingConstructorAccessorImpl.newInstance(DelegatingConstructorAccessorImpl.java:45)
	at java.lang.reflect.Constructor.newInstance(Constructor.java:423)
	at org.junit.runners.BlockJUnit4ClassRunner.createTest(BlockJUnit4ClassRunner.java:178)
	at org.junit.runners.BlockJUnit4ClassRunner$1.runReflectiveCall(BlockJUnit4ClassRunner.java:227)
	at org.junit.internal.runners.model.ReflectiveCallable.run(ReflectiveCallable.java:15)
	at org.junit.runners.BlockJUnit4ClassRunner.methodBlock(BlockJUnit4ClassRunner.java:224)
	at org.junit.runners.BlockJUnit4ClassRunner.runChild(BlockJUnit4ClassRunner.java:69)
	at org.junit.runners.BlockJUnit4ClassRunner.runChild(BlockJUnit4ClassRunner.java:48)
	at org.junit.runners.ParentRunner$3.run(ParentRunner.java:231)
	at org.junit.runners.ParentRunner$1.schedule(ParentRunner.java:60)
	at org.junit.runners.ParentRunner.runChildren(ParentRunner.java:229)
	at org.junit.runners.ParentRunner.access$000(ParentRunner.java:50)
	at org.junit.runners.ParentRunner$2.evaluate(ParentRunner.java:222)
	at org.junit.runners.ParentRunner.run(ParentRunner.java:292)
	at org.apache.maven.surefire.junit4.JUnit4TestSet.execute(JUnit4TestSet.java:53)
	at org.apache.maven.surefire.junit4.JUnit4Provider.executeTestSet(JUnit4Provider.java:123)
	at org.apache.maven.surefire.junit4.JUnit4Provider.invoke(JUnit4Provider.java:104)
	at sun.reflect.NativeMethodAccessorImpl.invoke0(Native Method)
	at sun.reflect.NativeMethodAccessorImpl.invoke(NativeMethodAccessorImpl.java:62)
	at sun.reflect.DelegatingMethodAccessorImpl.invoke(DelegatingMethodAccessorImpl.java:43)
	at java.lang.reflect.Method.invoke(Method.java:498)
	at org.apache.maven.surefire.util.ReflectionUtils.invokeMethodWithArray(ReflectionUtils.java:164)
	at org.apache.maven.surefire.booter.ProviderFactory$ProviderProxy.invoke(ProviderFactory.java:110)
	at org.apache.maven.surefire.booter.SurefireStarter.invokeProvider(SurefireStarter.java:175)
	at org.apache.maven.surefire.booter.SurefireStarter.runSuitesInProcessWhenForked(SurefireStarter.java:107)
	at org.apache.maven.surefire.booter.ForkedBooter.main(ForkedBooter.java:68)
Caused by: java.lang.ClassNotFoundException: org.glassfish.jersey.test.DeploymentContext
	at java.net.URLClassLoader.findClass(URLClassLoader.java:381)
	at java.lang.ClassLoader.loadClass(ClassLoader.java:424)
	at sun.misc.Launcher$AppClassLoader.loadClass(Launcher.java:335)
	at java.lang.ClassLoader.loadClass(ClassLoader.java:357)
	... 63 more
MultiException stack 4 of 4
java.lang.IllegalArgumentException: Errors were discovered while reifying SystemDescriptor(
	implementation=org.glassfish.jersey.test.grizzly.GrizzlyWebTestContainerFactory
	contracts={org.glassfish.jersey.test.spi.TestContainerFactory}
	scope=org.glassfish.hk2.api.PerLookup
	qualifiers={}
	descriptorType=CLASS
	descriptorVisibility=NORMAL
	metadata=
	rank=0
	loader=org.glassfish.hk2.utilities.binding.AbstractBinder$2@48bb62
	proxiable=null
	proxyForSameScope=null
	analysisName=null
	id=147
	locatorId=0
	identityHashCode=892555958
	reified=false)
	at org.jvnet.hk2.internal.SystemDescriptor.reify(SystemDescriptor.java:615)
	at org.jvnet.hk2.internal.ServiceLocatorImpl.reifyDescriptor(ServiceLocatorImpl.java:405)
	at org.jvnet.hk2.internal.ServiceLocatorImpl.narrow(ServiceLocatorImpl.java:2046)
	at org.jvnet.hk2.internal.ServiceLocatorImpl.access$700(ServiceLocatorImpl.java:116)
	at org.jvnet.hk2.internal.ServiceLocatorImpl$8.compute(ServiceLocatorImpl.java:1207)
	at org.jvnet.hk2.internal.ServiceLocatorImpl$8.compute(ServiceLocatorImpl.java:1202)
	at org.glassfish.hk2.utilities.cache.LRUHybridCache$OriginThreadAwareFuture$1.call(LRUHybridCache.java:115)
	at org.glassfish.hk2.utilities.cache.LRUHybridCache$OriginThreadAwareFuture$1.call(LRUHybridCache.java:111)
	at java.util.concurrent.FutureTask.run(FutureTask.java:266)
	at org.glassfish.hk2.utilities.cache.LRUHybridCache$OriginThreadAwareFuture.run(LRUHybridCache.java:173)
	at org.glassfish.hk2.utilities.cache.LRUHybridCache.compute(LRUHybridCache.java:292)
	at org.jvnet.hk2.internal.ServiceLocatorImpl.internalGetAllServiceHandles(ServiceLocatorImpl.java:1280)
	at org.jvnet.hk2.internal.ServiceLocatorImpl.getAllServiceHandles(ServiceLocatorImpl.java:1189)
	at org.jvnet.hk2.internal.ServiceLocatorImpl.getAllServiceHandles(ServiceLocatorImpl.java:1178)
	at org.glassfish.jersey.internal.inject.Providers.getAllServiceHandles(Providers.java:314)
	at org.glassfish.jersey.internal.inject.Providers.getProviders(Providers.java:185)
	at org.glassfish.jersey.test.JerseyTest.getTestContainerFactory(JerseyTest.java:379)
	at org.glassfish.jersey.test.JerseyTest.&lt;init&gt;(JerseyTest.java:143)
	at com.pluralsight.MyResourceTest.&lt;init&gt;(MyResourceTest.java:10)
	at sun.reflect.NativeConstructorAccessorImpl.newInstance0(Native Method)
	at sun.reflect.NativeConstructorAccessorImpl.newInstance(NativeConstructorAccessorImpl.java:62)
	at sun.reflect.DelegatingConstructorAccessorImpl.newInstance(DelegatingConstructorAccessorImpl.java:45)
	at java.lang.reflect.Constructor.newInstance(Constructor.java:423)
	at org.junit.runners.BlockJUnit4ClassRunner.createTest(BlockJUnit4ClassRunner.java:178)
	at org.junit.runners.BlockJUnit4ClassRunner$1.runReflectiveCall(BlockJUnit4ClassRunner.java:227)
	at org.junit.internal.runners.model.ReflectiveCallable.run(ReflectiveCallable.java:15)
	at org.junit.runners.BlockJUnit4ClassRunner.methodBlock(BlockJUnit4ClassRunner.java:224)
	at org.junit.runners.BlockJUnit4ClassRunner.runChild(BlockJUnit4ClassRunner.java:69)
	at org.junit.runners.BlockJUnit4ClassRunner.runChild(BlockJUnit4ClassRunner.java:48)
	at org.junit.runners.ParentRunner$3.run(ParentRunner.java:231)
	at org.junit.runners.ParentRunner$1.schedule(ParentRunner.java:60)
	at org.junit.runners.ParentRunner.runChildren(ParentRunner.java:229)
	at org.junit.runners.ParentRunner.access$000(ParentRunner.java:50)
	at org.junit.runners.ParentRunner$2.evaluate(ParentRunner.java:222)
	at org.junit.runners.ParentRunner.run(ParentRunner.java:292)
	at org.apache.maven.surefire.junit4.JUnit4TestSet.execute(JUnit4TestSet.java:53)
	at org.apache.maven.surefire.junit4.JUnit4Provider.executeTestSet(JUnit4Provider.java:123)
	at org.apache.maven.surefire.junit4.JUnit4Provider.invoke(JUnit4Provider.java:104)
	at sun.reflect.NativeMethodAccessorImpl.invoke0(Native Method)
	at sun.reflect.NativeMethodAccessorImpl.invoke(NativeMethodAccessorImpl.java:62)
	at sun.reflect.DelegatingMethodAccessorImpl.invoke(DelegatingMethodAccessorImpl.java:43)
	at java.lang.reflect.Method.invoke(Method.java:498)
	at org.apache.maven.surefire.util.ReflectionUtils.invokeMethodWithArray(ReflectionUtils.java:164)
	at org.apache.maven.surefire.booter.ProviderFactory$ProviderProxy.invoke(ProviderFactory.java:110)
	at org.apache.maven.surefire.booter.SurefireStarter.invokeProvider(SurefireStarter.java:175)
	at org.apache.maven.surefire.booter.SurefireStarter.runSuitesInProcessWhenForked(SurefireStarter.java:107)
	at org.apache.maven.surefire.booter.ForkedBooter.main(ForkedBooter.java:68)


dez 18, 2018 9:40:07 AM org.glassfish.jersey.internal.Errors logErrors
ADVERTÊNCIA: The following warnings have been detected: WARNING: HK2 failure has been detected in a code that does not run in an active Jersey Error scope.
WARNING: HK2 service reification failed for [org.glassfish.jersey.test.grizzly.GrizzlyTestContainerFactory] with an exception:
MultiException stack 1 of 4
java.lang.NoClassDefFoundError: org/glassfish/jersey/test/DeploymentContext
	at java.lang.Class.getDeclaredMethods0(Native Method)
	at java.lang.Class.privateGetDeclaredMethods(Class.java:2701)
	at java.lang.Class.getDeclaredMethods(Class.java:1975)
	at org.jvnet.hk2.internal.Utilities$5.run(Utilities.java:414)
	at org.jvnet.hk2.internal.Utilities$5.run(Utilities.java:410)
	at java.security.AccessController.doPrivileged(Native Method)
	at org.jvnet.hk2.internal.Utilities.getDeclaredMethods(Utilities.java:410)
	at org.jvnet.hk2.internal.Utilities.getAllMethodKeys(Utilities.java:1396)
	at org.jvnet.hk2.internal.Utilities.getAllMethods(Utilities.java:1340)
	at org.jvnet.hk2.internal.Utilities.findInitializerMethods(Utilities.java:1424)
	at org.jvnet.hk2.internal.DefaultClassAnalyzer.getInitializerMethods(DefaultClassAnalyzer.java:102)
	at org.glassfish.jersey.internal.inject.JerseyClassAnalyzer.getInitializerMethods(JerseyClassAnalyzer.java:239)
	at org.jvnet.hk2.internal.Utilities.getInitMethods(Utilities.java:243)
	at org.jvnet.hk2.internal.ClazzCreator.initialize(ClazzCreator.java:163)
	at org.jvnet.hk2.internal.ClazzCreator.initialize(ClazzCreator.java:200)
	at org.jvnet.hk2.internal.SystemDescriptor.internalReify(SystemDescriptor.java:649)
	at org.jvnet.hk2.internal.SystemDescriptor.reify(SystemDescriptor.java:604)
	at org.jvnet.hk2.internal.ServiceLocatorImpl.reifyDescriptor(ServiceLocatorImpl.java:405)
	at org.jvnet.hk2.internal.ServiceLocatorImpl.narrow(ServiceLocatorImpl.java:2046)
	at org.jvnet.hk2.internal.ServiceLocatorImpl.access$700(ServiceLocatorImpl.java:116)
	at org.jvnet.hk2.internal.ServiceLocatorImpl$8.compute(ServiceLocatorImpl.java:1207)
	at org.jvnet.hk2.internal.ServiceLocatorImpl$8.compute(ServiceLocatorImpl.java:1202)
	at org.glassfish.hk2.utilities.cache.LRUHybridCache$OriginThreadAwareFuture$1.call(LRUHybridCache.java:115)
	at org.glassfish.hk2.utilities.cache.LRUHybridCache$OriginThreadAwareFuture$1.call(LRUHybridCache.java:111)
	at java.util.concurrent.FutureTask.run(FutureTask.java:266)
	at org.glassfish.hk2.utilities.cache.LRUHybridCache$OriginThreadAwareFuture.run(LRUHybridCache.java:173)
	at org.glassfish.hk2.utilities.cache.LRUHybridCache.compute(LRUHybridCache.java:292)
	at org.jvnet.hk2.internal.ServiceLocatorImpl.internalGetAllServiceHandles(ServiceLocatorImpl.java:1280)
	at org.jvnet.hk2.internal.ServiceLocatorImpl.getAllServiceHandles(ServiceLocatorImpl.java:1189)
	at org.jvnet.hk2.internal.ServiceLocatorImpl.getAllServiceHandles(ServiceLocatorImpl.java:1178)
	at org.glassfish.jersey.internal.inject.Providers.getAllServiceHandles(Providers.java:314)
	at org.glassfish.jersey.internal.inject.Providers.getProviders(Providers.java:185)
	at org.glassfish.jersey.test.JerseyTest.getTestContainerFactory(JerseyTest.java:379)
	at org.glassfish.jersey.test.JerseyTest.&lt;init&gt;(JerseyTest.java:143)
	at com.pluralsight.MyResourceTest.&lt;init&gt;(MyResourceTest.java:10)
	at sun.reflect.NativeConstructorAccessorImpl.newInstance0(Native Method)
	at sun.reflect.NativeConstructorAccessorImpl.newInstance(NativeConstructorAccessorImpl.java:62)
	at sun.reflect.DelegatingConstructorAccessorImpl.newInstance(DelegatingConstructorAccessorImpl.java:45)
	at java.lang.reflect.Constructor.newInstance(Constructor.java:423)
	at org.junit.runners.BlockJUnit4ClassRunner.createTest(BlockJUnit4ClassRunner.java:178)
	at org.junit.runners.BlockJUnit4ClassRunner$1.runReflectiveCall(BlockJUnit4ClassRunner.java:227)
	at org.junit.internal.runners.model.ReflectiveCallable.run(ReflectiveCallable.java:15)
	at org.junit.runners.BlockJUnit4ClassRunner.methodBlock(BlockJUnit4ClassRunner.java:224)
	at org.junit.runners.BlockJUnit4ClassRunner.runChild(BlockJUnit4ClassRunner.java:69)
	at org.junit.runners.BlockJUnit4ClassRunner.runChild(BlockJUnit4ClassRunner.java:48)
	at org.junit.runners.ParentRunner$3.run(ParentRunner.java:231)
	at org.junit.runners.ParentRunner$1.schedule(ParentRunner.java:60)
	at org.junit.runners.ParentRunner.runChildren(ParentRunner.java:229)
	at org.junit.runners.ParentRunner.access$000(ParentRunner.java:50)
	at org.junit.runners.ParentRunner$2.evaluate(ParentRunner.java:222)
	at org.junit.runners.ParentRunner.run(ParentRunner.java:292)
	at org.apache.maven.surefire.junit4.JUnit4TestSet.execute(JUnit4TestSet.java:53)
	at org.apache.maven.surefire.junit4.JUnit4Provider.executeTestSet(JUnit4Provider.java:123)
	at org.apache.maven.surefire.junit4.JUnit4Provider.invoke(JUnit4Provider.java:104)
	at sun.reflect.NativeMethodAccessorImpl.invoke0(Native Method)
	at sun.reflect.NativeMethodAccessorImpl.invoke(NativeMethodAccessorImpl.java:62)
	at sun.reflect.DelegatingMethodAccessorImpl.invoke(DelegatingMethodAccessorImpl.java:43)
	at java.lang.reflect.Method.invoke(Method.java:498)
	at org.apache.maven.surefire.util.ReflectionUtils.invokeMethodWithArray(ReflectionUtils.java:164)
	at org.apache.maven.surefire.booter.ProviderFactory$ProviderProxy.invoke(ProviderFactory.java:110)
	at org.apache.maven.surefire.booter.SurefireStarter.invokeProvider(SurefireStarter.java:175)
	at org.apache.maven.surefire.booter.SurefireStarter.runSuitesInProcessWhenForked(SurefireStarter.java:107)
	at org.apache.maven.surefire.booter.ForkedBooter.main(ForkedBooter.java:68)
Caused by: java.lang.ClassNotFoundException: org.glassfish.jersey.test.DeploymentContext
	at java.net.URLClassLoader.findClass(URLClassLoader.java:381)
	at java.lang.ClassLoader.loadClass(ClassLoader.java:424)
	at sun.misc.Launcher$AppClassLoader.loadClass(Launcher.java:335)
	at java.lang.ClassLoader.loadClass(ClassLoader.java:357)
	... 63 more
MultiException stack 2 of 4
java.lang.NoClassDefFoundError: org/glassfish/jersey/test/DeploymentContext
	at java.lang.Class.getDeclaredMethods0(Native Method)
	at java.lang.Class.privateGetDeclaredMethods(Class.java:2701)
	at java.lang.Class.getDeclaredMethods(Class.java:1975)
	at org.jvnet.hk2.internal.Utilities$5.run(Utilities.java:414)
	at org.jvnet.hk2.internal.Utilities$5.run(Utilities.java:410)
	at java.security.AccessController.doPrivileged(Native Method)
	at org.jvnet.hk2.internal.Utilities.getDeclaredMethods(Utilities.java:410)
	at org.jvnet.hk2.internal.Utilities.getAllMethodKeys(Utilities.java:1396)
	at org.jvnet.hk2.internal.Utilities.getAllMethods(Utilities.java:1340)
	at org.jvnet.hk2.internal.Utilities.findPostConstruct(Utilities.java:2150)
	at org.jvnet.hk2.internal.DefaultClassAnalyzer.getPostConstructMethod(DefaultClassAnalyzer.java:125)
	at org.glassfish.jersey.internal.inject.JerseyClassAnalyzer.getPostConstructMethod(JerseyClassAnalyzer.java:249)
	at org.jvnet.hk2.internal.Utilities.getPostConstruct(Utilities.java:304)
	at org.jvnet.hk2.internal.ClazzCreator.initialize(ClazzCreator.java:187)
	at org.jvnet.hk2.internal.ClazzCreator.initialize(ClazzCreator.java:200)
	at org.jvnet.hk2.internal.SystemDescriptor.internalReify(SystemDescriptor.java:649)
	at org.jvnet.hk2.internal.SystemDescriptor.reify(SystemDescriptor.java:604)
	at org.jvnet.hk2.internal.ServiceLocatorImpl.reifyDescriptor(ServiceLocatorImpl.java:405)
	at org.jvnet.hk2.internal.ServiceLocatorImpl.narrow(ServiceLocatorImpl.java:2046)
	at org.jvnet.hk2.internal.ServiceLocatorImpl.access$700(ServiceLocatorImpl.java:116)
	at org.jvnet.hk2.internal.ServiceLocatorImpl$8.compute(ServiceLocatorImpl.java:1207)
	at org.jvnet.hk2.internal.ServiceLocatorImpl$8.compute(ServiceLocatorImpl.java:1202)
	at org.glassfish.hk2.utilities.cache.LRUHybridCache$OriginThreadAwareFuture$1.call(LRUHybridCache.java:115)
	at org.glassfish.hk2.utilities.cache.LRUHybridCache$OriginThreadAwareFuture$1.call(LRUHybridCache.java:111)
	at java.util.concurrent.FutureTask.run(FutureTask.java:266)
	at org.glassfish.hk2.utilities.cache.LRUHybridCache$OriginThreadAwareFuture.run(LRUHybridCache.java:173)
	at org.glassfish.hk2.utilities.cache.LRUHybridCache.compute(LRUHybridCache.java:292)
	at org.jvnet.hk2.internal.ServiceLocatorImpl.internalGetAllServiceHandles(ServiceLocatorImpl.java:1280)
	at org.jvnet.hk2.internal.ServiceLocatorImpl.getAllServiceHandles(ServiceLocatorImpl.java:1189)
	at org.jvnet.hk2.internal.ServiceLocatorImpl.getAllServiceHandles(ServiceLocatorImpl.java:1178)
	at org.glassfish.jersey.internal.inject.Providers.getAllServiceHandles(Providers.java:314)
	at org.glassfish.jersey.internal.inject.Providers.getProviders(Providers.java:185)
	at org.glassfish.jersey.test.JerseyTest.getTestContainerFactory(JerseyTest.java:379)
	at org.glassfish.jersey.test.JerseyTest.&lt;init&gt;(JerseyTest.java:143)
	at com.pluralsight.MyResourceTest.&lt;init&gt;(MyResourceTest.java:10)
	at sun.reflect.NativeConstructorAccessorImpl.newInstance0(Native Method)
	at sun.reflect.NativeConstructorAccessorImpl.newInstance(NativeConstructorAccessorImpl.java:62)
	at sun.reflect.DelegatingConstructorAccessorImpl.newInstance(DelegatingConstructorAccessorImpl.java:45)
	at java.lang.reflect.Constructor.newInstance(Constructor.java:423)
	at org.junit.runners.BlockJUnit4ClassRunner.createTest(BlockJUnit4ClassRunner.java:178)
	at org.junit.runners.BlockJUnit4ClassRunner$1.runReflectiveCall(BlockJUnit4ClassRunner.java:227)
	at org.junit.internal.runners.model.ReflectiveCallable.run(ReflectiveCallable.java:15)
	at org.junit.runners.BlockJUnit4ClassRunner.methodBlock(BlockJUnit4ClassRunner.java:224)
	at org.junit.runners.BlockJUnit4ClassRunner.runChild(BlockJUnit4ClassRunner.java:69)
	at org.junit.runners.BlockJUnit4ClassRunner.runChild(BlockJUnit4ClassRunner.java:48)
	at org.junit.runners.ParentRunner$3.run(ParentRunner.java:231)
	at org.junit.runners.ParentRunner$1.schedule(ParentRunner.java:60)
	at org.junit.runners.ParentRunner.runChildren(ParentRunner.java:229)
	at org.junit.runners.ParentRunner.access$000(ParentRunner.java:50)
	at org.junit.runners.ParentRunner$2.evaluate(ParentRunner.java:222)
	at org.junit.runners.ParentRunner.run(ParentRunner.java:292)
	at org.apache.maven.surefire.junit4.JUnit4TestSet.execute(JUnit4TestSet.java:53)
	at org.apache.maven.surefire.junit4.JUnit4Provider.executeTestSet(JUnit4Provider.java:123)
	at org.apache.maven.surefire.junit4.JUnit4Provider.invoke(JUnit4Provider.java:104)
	at sun.reflect.NativeMethodAccessorImpl.invoke0(Native Method)
	at sun.reflect.NativeMethodAccessorImpl.invoke(NativeMethodAccessorImpl.java:62)
	at sun.reflect.DelegatingMethodAccessorImpl.invoke(DelegatingMethodAccessorImpl.java:43)
	at java.lang.reflect.Method.invoke(Method.java:498)
	at org.apache.maven.surefire.util.ReflectionUtils.invokeMethodWithArray(ReflectionUtils.java:164)
	at org.apache.maven.surefire.booter.ProviderFactory$ProviderProxy.invoke(ProviderFactory.java:110)
	at org.apache.maven.surefire.booter.SurefireStarter.invokeProvider(SurefireStarter.java:175)
	at org.apache.maven.surefire.booter.SurefireStarter.runSuitesInProcessWhenForked(SurefireStarter.java:107)
	at org.apache.maven.surefire.booter.ForkedBooter.main(ForkedBooter.java:68)
Caused by: java.lang.ClassNotFoundException: org.glassfish.jersey.test.DeploymentContext
	at java.net.URLClassLoader.findClass(URLClassLoader.java:381)
	at java.lang.ClassLoader.loadClass(ClassLoader.java:424)
	at sun.misc.Launcher$AppClassLoader.loadClass(Launcher.java:335)
	at java.lang.ClassLoader.loadClass(ClassLoader.java:357)
	... 63 more
MultiException stack 3 of 4
java.lang.NoClassDefFoundError: org/glassfish/jersey/test/DeploymentContext
	at java.lang.Class.getDeclaredMethods0(Native Method)
	at java.lang.Class.privateGetDeclaredMethods(Class.java:2701)
	at java.lang.Class.getDeclaredMethods(Class.java:1975)
	at org.jvnet.hk2.internal.Utilities$5.run(Utilities.java:414)
	at org.jvnet.hk2.internal.Utilities$5.run(Utilities.java:410)
	at java.security.AccessController.doPrivileged(Native Method)
	at org.jvnet.hk2.internal.Utilities.getDeclaredMethods(Utilities.java:410)
	at org.jvnet.hk2.internal.Utilities.getAllMethodKeys(Utilities.java:1396)
	at org.jvnet.hk2.internal.Utilities.getAllMethods(Utilities.java:1340)
	at org.jvnet.hk2.internal.Utilities.findPreDestroy(Utilities.java:2195)
	at org.jvnet.hk2.internal.DefaultClassAnalyzer.getPreDestroyMethod(DefaultClassAnalyzer.java:136)
	at org.glassfish.jersey.internal.inject.JerseyClassAnalyzer.getPreDestroyMethod(JerseyClassAnalyzer.java:254)
	at org.jvnet.hk2.internal.Utilities.getPreDestroy(Utilities.java:326)
	at org.jvnet.hk2.internal.ClazzCreator.initialize(ClazzCreator.java:188)
	at org.jvnet.hk2.internal.ClazzCreator.initialize(ClazzCreator.java:200)
	at org.jvnet.hk2.internal.SystemDescriptor.internalReify(SystemDescriptor.java:649)
	at org.jvnet.hk2.internal.SystemDescriptor.reify(SystemDescriptor.java:604)
	at org.jvnet.hk2.internal.ServiceLocatorImpl.reifyDescriptor(ServiceLocatorImpl.java:405)
	at org.jvnet.hk2.internal.ServiceLocatorImpl.narrow(ServiceLocatorImpl.java:2046)
	at org.jvnet.hk2.internal.ServiceLocatorImpl.access$700(ServiceLocatorImpl.java:116)
	at org.jvnet.hk2.internal.ServiceLocatorImpl$8.compute(ServiceLocatorImpl.java:1207)
	at org.jvnet.hk2.internal.ServiceLocatorImpl$8.compute(ServiceLocatorImpl.java:1202)
	at org.glassfish.hk2.utilities.cache.LRUHybridCache$OriginThreadAwareFuture$1.call(LRUHybridCache.java:115)
	at org.glassfish.hk2.utilities.cache.LRUHybridCache$OriginThreadAwareFuture$1.call(LRUHybridCache.java:111)
	at java.util.concurrent.FutureTask.run(FutureTask.java:266)
	at org.glassfish.hk2.utilities.cache.LRUHybridCache$OriginThreadAwareFuture.run(LRUHybridCache.java:173)
	at org.glassfish.hk2.utilities.cache.LRUHybridCache.compute(LRUHybridCache.java:292)
	at org.jvnet.hk2.internal.ServiceLocatorImpl.internalGetAllServiceHandles(ServiceLocatorImpl.java:1280)
	at org.jvnet.hk2.internal.ServiceLocatorImpl.getAllServiceHandles(ServiceLocatorImpl.java:1189)
	at org.jvnet.hk2.internal.ServiceLocatorImpl.getAllServiceHandles(ServiceLocatorImpl.java:1178)
	at org.glassfish.jersey.internal.inject.Providers.getAllServiceHandles(Providers.java:314)
	at org.glassfish.jersey.internal.inject.Providers.getProviders(Providers.java:185)
	at org.glassfish.jersey.test.JerseyTest.getTestContainerFactory(JerseyTest.java:379)
	at org.glassfish.jersey.test.JerseyTest.&lt;init&gt;(JerseyTest.java:143)
	at com.pluralsight.MyResourceTest.&lt;init&gt;(MyResourceTest.java:10)
	at sun.reflect.NativeConstructorAccessorImpl.newInstance0(Native Method)
	at sun.reflect.NativeConstructorAccessorImpl.newInstance(NativeConstructorAccessorImpl.java:62)
	at sun.reflect.DelegatingConstructorAccessorImpl.newInstance(DelegatingConstructorAccessorImpl.java:45)
	at java.lang.reflect.Constructor.newInstance(Constructor.java:423)
	at org.junit.runners.BlockJUnit4ClassRunner.createTest(BlockJUnit4ClassRunner.java:178)
	at org.junit.runners.BlockJUnit4ClassRunner$1.runReflectiveCall(BlockJUnit4ClassRunner.java:227)
	at org.junit.internal.runners.model.ReflectiveCallable.run(ReflectiveCallable.java:15)
	at org.junit.runners.BlockJUnit4ClassRunner.methodBlock(BlockJUnit4ClassRunner.java:224)
	at org.junit.runners.BlockJUnit4ClassRunner.runChild(BlockJUnit4ClassRunner.java:69)
	at org.junit.runners.BlockJUnit4ClassRunner.runChild(BlockJUnit4ClassRunner.java:48)
	at org.junit.runners.ParentRunner$3.run(ParentRunner.java:231)
	at org.junit.runners.ParentRunner$1.schedule(ParentRunner.java:60)
	at org.junit.runners.ParentRunner.runChildren(ParentRunner.java:229)
	at org.junit.runners.ParentRunner.access$000(ParentRunner.java:50)
	at org.junit.runners.ParentRunner$2.evaluate(ParentRunner.java:222)
	at org.junit.runners.ParentRunner.run(ParentRunner.java:292)
	at org.apache.maven.surefire.junit4.JUnit4TestSet.execute(JUnit4TestSet.java:53)
	at org.apache.maven.surefire.junit4.JUnit4Provider.executeTestSet(JUnit4Provider.java:123)
	at org.apache.maven.surefire.junit4.JUnit4Provider.invoke(JUnit4Provider.java:104)
	at sun.reflect.NativeMethodAccessorImpl.invoke0(Native Method)
	at sun.reflect.NativeMethodAccessorImpl.invoke(NativeMethodAccessorImpl.java:62)
	at sun.reflect.DelegatingMethodAccessorImpl.invoke(DelegatingMethodAccessorImpl.java:43)
	at java.lang.reflect.Method.invoke(Method.java:498)
	at org.apache.maven.surefire.util.ReflectionUtils.invokeMethodWithArray(ReflectionUtils.java:164)
	at org.apache.maven.surefire.booter.ProviderFactory$ProviderProxy.invoke(ProviderFactory.java:110)
	at org.apache.maven.surefire.booter.SurefireStarter.invokeProvider(SurefireStarter.java:175)
	at org.apache.maven.surefire.booter.SurefireStarter.runSuitesInProcessWhenForked(SurefireStarter.java:107)
	at org.apache.maven.surefire.booter.ForkedBooter.main(ForkedBooter.java:68)
Caused by: java.lang.ClassNotFoundException: org.glassfish.jersey.test.DeploymentContext
	at java.net.URLClassLoader.findClass(URLClassLoader.java:381)
	at java.lang.ClassLoader.loadClass(ClassLoader.java:424)
	at sun.misc.Launcher$AppClassLoader.loadClass(Launcher.java:335)
	at java.lang.ClassLoader.loadClass(ClassLoader.java:357)
	... 63 more
MultiException stack 4 of 4
java.lang.IllegalArgumentException: Errors were discovered while reifying SystemDescriptor(
	implementation=org.glassfish.jersey.test.grizzly.GrizzlyTestContainerFactory
	contracts={org.glassfish.jersey.test.spi.TestContainerFactory}
	scope=org.glassfish.hk2.api.PerLookup
	qualifiers={}
	descriptorType=CLASS
	descriptorVisibility=NORMAL
	metadata=
	rank=0
	loader=org.glassfish.hk2.utilities.binding.AbstractBinder$2@48bb62
	proxiable=null
	proxyForSameScope=null
	analysisName=null
	id=148
	locatorId=0
	identityHashCode=335708295
	reified=false)
	at org.jvnet.hk2.internal.SystemDescriptor.reify(SystemDescriptor.java:615)
	at org.jvnet.hk2.internal.ServiceLocatorImpl.reifyDescriptor(ServiceLocatorImpl.java:405)
	at org.jvnet.hk2.internal.ServiceLocatorImpl.narrow(ServiceLocatorImpl.java:2046)
	at org.jvnet.hk2.internal.ServiceLocatorImpl.access$700(ServiceLocatorImpl.java:116)
	at org.jvnet.hk2.internal.ServiceLocatorImpl$8.compute(ServiceLocatorImpl.java:1207)
	at org.jvnet.hk2.internal.ServiceLocatorImpl$8.compute(ServiceLocatorImpl.java:1202)
	at org.glassfish.hk2.utilities.cache.LRUHybridCache$OriginThreadAwareFuture$1.call(LRUHybridCache.java:115)
	at org.glassfish.hk2.utilities.cache.LRUHybridCache$OriginThreadAwareFuture$1.call(LRUHybridCache.java:111)
	at java.util.concurrent.FutureTask.run(FutureTask.java:266)
	at org.glassfish.hk2.utilities.cache.LRUHybridCache$OriginThreadAwareFuture.run(LRUHybridCache.java:173)
	at org.glassfish.hk2.utilities.cache.LRUHybridCache.compute(LRUHybridCache.java:292)
	at org.jvnet.hk2.internal.ServiceLocatorImpl.internalGetAllServiceHandles(ServiceLocatorImpl.java:1280)
	at org.jvnet.hk2.internal.ServiceLocatorImpl.getAllServiceHandles(ServiceLocatorImpl.java:1189)
	at org.jvnet.hk2.internal.ServiceLocatorImpl.getAllServiceHandles(ServiceLocatorImpl.java:1178)
	at org.glassfish.jersey.internal.inject.Providers.getAllServiceHandles(Providers.java:314)
	at org.glassfish.jersey.internal.inject.Providers.getProviders(Providers.java:185)
	at org.glassfish.jersey.test.JerseyTest.getTestContainerFactory(JerseyTest.java:379)
	at org.glassfish.jersey.test.JerseyTest.&lt;init&gt;(JerseyTest.java:143)
	at com.pluralsight.MyResourceTest.&lt;init&gt;(MyResourceTest.java:10)
	at sun.reflect.NativeConstructorAccessorImpl.newInstance0(Native Method)
	at sun.reflect.NativeConstructorAccessorImpl.newInstance(NativeConstructorAccessorImpl.java:62)
	at sun.reflect.DelegatingConstructorAccessorImpl.newInstance(DelegatingConstructorAccessorImpl.java:45)
	at java.lang.reflect.Constructor.newInstance(Constructor.java:423)
	at org.junit.runners.BlockJUnit4ClassRunner.createTest(BlockJUnit4ClassRunner.java:178)
	at org.junit.runners.BlockJUnit4ClassRunner$1.runReflectiveCall(BlockJUnit4ClassRunner.java:227)
	at org.junit.internal.runners.model.ReflectiveCallable.run(ReflectiveCallable.java:15)
	at org.junit.runners.BlockJUnit4ClassRunner.methodBlock(BlockJUnit4ClassRunner.java:224)
	at org.junit.runners.BlockJUnit4ClassRunner.runChild(BlockJUnit4ClassRunner.java:69)
	at org.junit.runners.BlockJUnit4ClassRunner.runChild(BlockJUnit4ClassRunner.java:48)
	at org.junit.runners.ParentRunner$3.run(ParentRunner.java:231)
	at org.junit.runners.ParentRunner$1.schedule(ParentRunner.java:60)
	at org.junit.runners.ParentRunner.runChildren(ParentRunner.java:229)
	at org.junit.runners.ParentRunner.access$000(ParentRunner.java:50)
	at org.junit.runners.ParentRunner$2.evaluate(ParentRunner.java:222)
	at org.junit.runners.ParentRunner.run(ParentRunner.java:292)
	at org.apache.maven.surefire.junit4.JUnit4TestSet.execute(JUnit4TestSet.java:53)
	at org.apache.maven.surefire.junit4.JUnit4Provider.executeTestSet(JUnit4Provider.java:123)
	at org.apache.maven.surefire.junit4.JUnit4Provider.invoke(JUnit4Provider.java:104)
	at sun.reflect.NativeMethodAccessorImpl.invoke0(Native Method)
	at sun.reflect.NativeMethodAccessorImpl.invoke(NativeMethodAccessorImpl.java:62)
	at sun.reflect.DelegatingMethodAccessorImpl.invoke(DelegatingMethodAccessorImpl.java:43)
	at java.lang.reflect.Method.invoke(Method.java:498)
	at org.apache.maven.surefire.util.ReflectionUtils.invokeMethodWithArray(ReflectionUtils.java:164)
	at org.apache.maven.surefire.booter.ProviderFactory$ProviderProxy.invoke(ProviderFactory.java:110)
	at org.apache.maven.surefire.booter.SurefireStarter.invokeProvider(SurefireStarter.java:175)
	at org.apache.maven.surefire.booter.SurefireStarter.runSuitesInProcessWhenForked(SurefireStarter.java:107)
	at org.apache.maven.surefire.booter.ForkedBooter.main(ForkedBooter.java:68)


</system-err>
  </testcase>
</testsuite>